#
# There is insufficient memory for the Java Runtime Environment to continue.
# Native memory allocation (malloc) failed to allocate 353136 bytes for Chunk::new
# Possible reasons:
#   The system is out of physical RAM or swap space
#   In 32 bit mode, the process size limit was hit
# Possible solutions:
#   Reduce memory load on the system
#   Increase physical memory or swap space
#   Check if swap backing store is full
#   Use 64 bit Java on a 64 bit OS
#   Decrease Java heap size (-Xmx/-Xms)
#   Decrease number of Java threads
#   Decrease Java thread stack sizes (-Xss)
#   Set larger code cache with -XX:ReservedCodeCacheSize=
# This output file may be truncated or incomplete.
#
#  Out of Memory Error (allocation.cpp:390), pid=6224, tid=10136
#
# JRE version: Java(TM) SE Runtime Environment (8.0_60-b27) (build 1.8.0_60-b27)
# Java VM: Java HotSpot(TM) 64-Bit Server VM (25.60-b23 mixed mode windows-amd64 compressed oops)
# Failed to write core dump. Minidumps are not enabled by default on client versions of Windows
#

---------------  T H R E A D  ---------------

Current thread (0x0000000054d38800):  JavaThread "C2 CompilerThread0" daemon [_thread_in_native, id=10136, stack(0x0000000055be0000,0x0000000055ce0000)]

Stack: [0x0000000055be0000,0x0000000055ce0000]
[error occurred during error reporting (printing stack bounds), id 0xc0000005]

Native frames: (J=compiled Java code, j=interpreted, Vv=VM code, C=native code)


Current CompileTask:
C2:   8713  394 % !   4       sun.awt.image.PNGImageDecoder::produceImage @ 960 (1916 bytes)


---------------  P R O C E S S  ---------------

Java Threads: ( => current thread )
  0x00000000562ec800 JavaThread "Image Fetcher 0" daemon [_thread_blocked, id=6440, stack(0x0000000058610000,0x0000000058710000)]
  0x00000000562e9800 JavaThread "D3D Screen Updater" daemon [_thread_blocked, id=6732, stack(0x0000000058710000,0x0000000058810000)]
  0x00000000562cd800 JavaThread "AWT-EventQueue-0" [_thread_blocked, id=9400, stack(0x0000000058ec0000,0x0000000058fc0000)]
  0x0000000056264800 JavaThread "AWT-Windows" daemon [_thread_in_native, id=5604, stack(0x0000000056d10000,0x0000000056e10000)]
  0x0000000056262000 JavaThread "AWT-Shutdown" [_thread_blocked, id=8396, stack(0x0000000056a80000,0x0000000056b80000)]
  0x0000000056261000 JavaThread "Java2D Disposer" daemon [_thread_blocked, id=7448, stack(0x00000000568e0000,0x00000000569e0000)]
  0x0000000055f7a800 JavaThread "Service Thread" daemon [_thread_blocked, id=7000, stack(0x00000000563d0000,0x00000000564d0000)]
  0x0000000054d49800 JavaThread "C1 CompilerThread1" daemon [_thread_blocked, id=7668, stack(0x0000000055e60000,0x0000000055f60000)]
=>0x0000000054d38800 JavaThread "C2 CompilerThread0" daemon [_thread_in_native, id=10136, stack(0x0000000055be0000,0x0000000055ce0000)]
  0x0000000054d36800 JavaThread "Attach Listener" daemon [_thread_blocked, id=5636, stack(0x0000000055ce0000,0x0000000055de0000)]
  0x0000000054d35000 JavaThread "Signal Dispatcher" daemon [_thread_blocked, id=9420, stack(0x0000000055aa0000,0x0000000055ba0000)]
  0x0000000054cdb800 JavaThread "Finalizer" daemon [_thread_blocked, id=6816, stack(0x0000000055830000,0x0000000055930000)]
  0x0000000054cd4800 JavaThread "Reference Handler" daemon [_thread_blocked, id=9852, stack(0x0000000055930000,0x0000000055a30000)]
  0x000000000016d800 JavaThread "main" [_thread_in_native, id=2932, stack(0x0000000002320000,0x0000000002420000)]

Other Threads:
  0x0000000054ccd000 VMThread [stack: 0x00000000556a0000,0x00000000557a0000] [id=9384]
  0x0000000055f96000 WatcherThread [stack: 0x00000000564e0000,0x00000000565e0000] [id=8344]

VM state:not at safepoint (normal execution)

VM Mutex/Monitor currently owned by a thread: None

Heap:
 PSYoungGen      total 34304K, used 14622K [0x00000000eb600000, 0x00000000eda00000, 0x0000000100000000)
  eden space 31744K, 40% used [0x00000000eb600000,0x00000000ec2a89d0,0x00000000ed500000)
  from space 2560K, 64% used [0x00000000ed780000,0x00000000ed91ef50,0x00000000eda00000)
  to   space 2560K, 0% used [0x00000000ed500000,0x00000000ed500000,0x00000000ed780000)
 ParOldGen       total 107008K, used 64135K [0x00000000c2200000, 0x00000000c8a80000, 0x00000000eb600000)
  object space 107008K, 59% used [0x00000000c2200000,0x00000000c60a1c10,0x00000000c8a80000)
 Metaspace       used 9111K, capacity 9350K, committed 9472K, reserved 1056768K
  class space    used 1130K, capacity 1221K, committed 1280K, reserved 1048576K

Card table byte_map: [0x0000000011b80000,0x0000000011d70000] byte_map_base: 0x000000001156f000

Marking Bits: (ParMarkBitMap*) 0x000000005ba8a5b0
 Begin Bits: [0x00000000122c0000, 0x0000000013238000)
 End Bits:   [0x0000000013238000, 0x00000000141b0000)

Polling page: 0x0000000000130000

CodeCache: size=245760Kb used=2093Kb max_used=2093Kb free=243666Kb
 bounds [0x00000000027c0000, 0x0000000002a30000, 0x00000000117c0000]
 total_blobs=860 nmethods=406 adapters=368
 compilation: enabled

Compilation events (10 events):
Event: 8.437 Thread 0x0000000054d49800  404       3       java.util.zip.InflaterInputStream::available (15 bytes)
Event: 8.437 Thread 0x0000000054d49800 nmethod 404 0x00000000029c6290 code [0x00000000029c6400, 0x00000000029c6708]
Event: 8.439 Thread 0x0000000054d49800  405       3       sun.awt.image.PNGFilterInputStream::read (89 bytes)
Event: 8.439 Thread 0x0000000054d49800 nmethod 405 0x00000000029c5c10 code [0x00000000029c5da0, 0x00000000029c6138]
Event: 8.439 Thread 0x0000000054d49800  406   !   3       java.util.zip.Inflater::setInput (74 bytes)
Event: 8.440 Thread 0x0000000054d49800 nmethod 406 0x00000000029c5390 code [0x00000000029c5520, 0x00000000029c5a38]
Event: 8.445 Thread 0x0000000054d49800  407       3       java.util.zip.InflaterInputStream::fill (60 bytes)
Event: 8.446 Thread 0x0000000054d49800 nmethod 407 0x00000000029c8350 code [0x00000000029c8500, 0x00000000029c8998]
Event: 8.459 Thread 0x0000000054d49800  408  s!   3       sun.misc.URLClassPath::getLoader (197 bytes)
Event: 8.462 Thread 0x0000000054d49800 nmethod 408 0x00000000029c8b90 code [0x00000000029c8f40, 0x00000000029cb548]

GC Heap History (8 events):
Event: 3.475 GC heap before
{Heap before GC invocations=1 (full 0):
 PSYoungGen      total 18432K, used 15828K [0x00000000eb600000, 0x00000000eca80000, 0x0000000100000000)
  eden space 15872K, 99% used [0x00000000eb600000,0x00000000ec575210,0x00000000ec580000)
  from space 2560K, 0% used [0x00000000ec800000,0x00000000ec800000,0x00000000eca80000)
  to   space 2560K, 0% used [0x00000000ec580000,0x00000000ec580000,0x00000000ec800000)
 ParOldGen       total 107008K, used 64119K [0x00000000c2200000, 0x00000000c8a80000, 0x00000000eb600000)
  object space 107008K, 59% used [0x00000000c2200000,0x00000000c609dc10,0x00000000c8a80000)
 Metaspace       used 8746K, capacity 8934K, committed 9216K, reserved 1056768K
  class space    used 1098K, capacity 1189K, committed 1280K, reserved 1048576K
Event: 3.480 GC heap after
Heap after GC invocations=1 (full 0):
 PSYoungGen      total 18432K, used 1691K [0x00000000eb600000, 0x00000000eca80000, 0x0000000100000000)
  eden space 15872K, 0% used [0x00000000eb600000,0x00000000eb600000,0x00000000ec580000)
  from space 2560K, 66% used [0x00000000ec580000,0x00000000ec726f50,0x00000000ec800000)
  to   space 2560K, 0% used [0x00000000ec800000,0x00000000ec800000,0x00000000eca80000)
 ParOldGen       total 107008K, used 64127K [0x00000000c2200000, 0x00000000c8a80000, 0x00000000eb600000)
  object space 107008K, 59% used [0x00000000c2200000,0x00000000c609fc10,0x00000000c8a80000)
 Metaspace       used 8746K, capacity 8934K, committed 9216K, reserved 1056768K
  class space    used 1098K, capacity 1189K, committed 1280K, reserved 1048576K
}
Event: 3.634 GC heap before
{Heap before GC invocations=2 (full 0):
 PSYoungGen      total 18432K, used 17541K [0x00000000eb600000, 0x00000000eca80000, 0x0000000100000000)
  eden space 15872K, 99% used [0x00000000eb600000,0x00000000ec57a670,0x00000000ec580000)
  from space 2560K, 66% used [0x00000000ec580000,0x00000000ec726f50,0x00000000ec800000)
  to   space 2560K, 0% used [0x00000000ec800000,0x00000000ec800000,0x00000000eca80000)
 ParOldGen       total 107008K, used 64127K [0x00000000c2200000, 0x00000000c8a80000, 0x00000000eb600000)
  object space 107008K, 59% used [0x00000000c2200000,0x00000000c609fc10,0x00000000c8a80000)
 Metaspace       used 8760K, capacity 8998K, committed 9216K, reserved 1056768K
  class space    used 1098K, capacity 1189K, committed 1280K, reserved 1048576K
Event: 3.639 GC heap after
Heap after GC invocations=2 (full 0):
 PSYoungGen      total 18432K, used 1627K [0x00000000eb600000, 0x00000000eda00000, 0x0000000100000000)
  eden space 15872K, 0% used [0x00000000eb600000,0x00000000eb600000,0x00000000ec580000)
  from space 2560K, 63% used [0x00000000ec800000,0x00000000ec996f70,0x00000000eca80000)
  to   space 2560K, 0% used [0x00000000ec580000,0x00000000ec580000,0x00000000ec800000)
 ParOldGen       total 107008K, used 64135K [0x00000000c2200000, 0x00000000c8a80000, 0x00000000eb600000)
  object space 107008K, 59% used [0x00000000c2200000,0x00000000c60a1c10,0x00000000c8a80000)
 Metaspace       used 8760K, capacity 8998K, committed 9216K, reserved 1056768K
  class space    used 1098K, capacity 1189K, committed 1280K, reserved 1048576K
}
Event: 3.835 GC heap before
{Heap before GC invocations=3 (full 0):
 PSYoungGen      total 18432K, used 17479K [0x00000000eb600000, 0x00000000eda00000, 0x0000000100000000)
  eden space 15872K, 99% used [0x00000000eb600000,0x00000000ec57aed0,0x00000000ec580000)
  from space 2560K, 63% used [0x00000000ec800000,0x00000000ec996f70,0x00000000eca80000)
  to   space 2560K, 0% used [0x00000000ec580000,0x00000000ec580000,0x00000000ec800000)
 ParOldGen       total 107008K, used 64135K [0x00000000c2200000, 0x00000000c8a80000, 0x00000000eb600000)
  object space 107008K, 59% used [0x00000000c2200000,0x00000000c60a1c10,0x00000000c8a80000)
 Metaspace       used 8760K, capacity 8998K, committed 9216K, reserved 1056768K
  class space    used 1098K, capacity 1189K, committed 1280K, reserved 1048576K
Event: 3.839 GC heap after
Heap after GC invocations=3 (full 0):
 PSYoungGen      total 18432K, used 1627K [0x00000000eb600000, 0x00000000eda00000, 0x0000000100000000)
  eden space 15872K, 0% used [0x00000000eb600000,0x00000000eb600000,0x00000000ec580000)
  from space 2560K, 63% used [0x00000000ec580000,0x00000000ec716f50,0x00000000ec800000)
  to   space 2560K, 0% used [0x00000000ed780000,0x00000000ed780000,0x00000000eda00000)
 ParOldGen       total 107008K, used 64135K [0x00000000c2200000, 0x00000000c8a80000, 0x00000000eb600000)
  object space 107008K, 59% used [0x00000000c2200000,0x00000000c60a1c10,0x00000000c8a80000)
 Metaspace       used 8760K, capacity 8998K, committed 9216K, reserved 1056768K
  class space    used 1098K, capacity 1189K, committed 1280K, reserved 1048576K
}
Event: 5.070 GC heap before
{Heap before GC invocations=4 (full 0):
 PSYoungGen      total 18432K, used 17444K [0x00000000eb600000, 0x00000000eda00000, 0x0000000100000000)
  eden space 15872K, 99% used [0x00000000eb600000,0x00000000ec572330,0x00000000ec580000)
  from space 2560K, 63% used [0x00000000ec580000,0x00000000ec716f50,0x00000000ec800000)
  to   space 2560K, 0% used [0x00000000ed780000,0x00000000ed780000,0x00000000eda00000)
 ParOldGen       total 107008K, used 64135K [0x00000000c2200000, 0x00000000c8a80000, 0x00000000eb600000)
  object space 107008K, 59% used [0x00000000c2200000,0x00000000c60a1c10,0x00000000c8a80000)
 Metaspace       used 8760K, capacity 8998K, committed 9216K, reserved 1056768K
  class space    used 1098K, capacity 1189K, committed 1280K, reserved 1048576K
Event: 5.074 GC heap after
Heap after GC invocations=4 (full 0):
 PSYoungGen      total 34304K, used 1659K [0x00000000eb600000, 0x00000000eda00000, 0x0000000100000000)
  eden space 31744K, 0% used [0x00000000eb600000,0x00000000eb600000,0x00000000ed500000)
  from space 2560K, 64% used [0x00000000ed780000,0x00000000ed91ef50,0x00000000eda00000)
  to   space 2560K, 0% used [0x00000000ed500000,0x00000000ed500000,0x00000000ed780000)
 ParOldGen       total 107008K, used 64135K [0x00000000c2200000, 0x00000000c8a80000, 0x00000000eb600000)
  object space 107008K, 59% used [0x00000000c2200000,0x00000000c60a1c10,0x00000000c8a80000)
 Metaspace       used 8760K, capacity 8998K, committed 9216K, reserved 1056768K
  class space    used 1098K, capacity 1189K, committed 1280K, reserved 1048576K
}

Deoptimization events (1 events):
Event: 1.205 Thread 0x000000000016d800 Uncommon trap: reason=null_check action=make_not_entrant pc=0x0000000002938b0c method=java.lang.String.equals(Ljava/lang/Object;)Z @ 8

Internal exceptions (10 events):
Event: 0.105 Thread 0x000000000016d800 Exception <a 'java/lang/NoSuchMethodError': Method sun.misc.Unsafe.prefetchRead(Ljava/lang/Object;J)V name or signature does not match> (0x00000000eb60d758) thrown at [C:\re\workspace\8-2-build-windows-amd64-cygwin\jdk8u60\4407\hotspot\src\share\vm\prims\j"›Á0øCÕ?
Event: 0.332 Thread 0x000000000016d800 Exception <a 'java/security/PrivilegedActionException'> (0x00000000eb6d2d78) thrown at [C:\re\workspace\8-2-build-windows-amd64-cygwin\jdk8u60\4407\hotspot\src\share\vm\prims\jvm.cpp, line 1386]
Event: 0.332 Thread 0x000000000016d800 Exception <a 'java/security/PrivilegedActionException'> (0x00000000eb6d2f88) thrown at [C:\re\workspace\8-2-build-windows-amd64-cygwin\jdk8u60\4407\hotspot\src\share\vm\prims\jvm.cpp, line 1386]
Event: 0.333 Thread 0x000000000016d800 Exception <a 'java/security/PrivilegedActionException'> (0x00000000eb6d6b30) thrown at [C:\re\workspace\8-2-build-windows-amd64-cygwin\jdk8u60\4407\hotspot\src\share\vm\prims\jvm.cpp, line 1386]
Event: 0.333 Thread 0x000000000016d800 Exception <a 'java/security/PrivilegedActionException'> (0x00000000eb6d6d40) thrown at [C:\re\workspace\8-2-build-windows-amd64-cygwin\jdk8u60\4407\hotspot\src\share\vm\prims\jvm.cpp, line 1386]
Event: 0.338 Thread 0x000000000016d800 Exception <a 'java/io/FileNotFoundException'> (0x00000000eb6d9e28) thrown at [C:\re\workspace\8-2-build-windows-amd64-cygwin\jdk8u60\4407\hotspot\src\share\vm\prims\jni.cpp, line 709]
Event: 0.388 Thread 0x000000000016d800 Exception <a 'java/lang/NoSuchFieldError': method resolution failed> (0x00000000eb7f7e00) thrown at [C:\re\workspace\8-2-build-windows-amd64-cygwin\jdk8u60\4407\hotspot\src\share\vm\prims\methodHandles.cpp, line 1146]
Event: 0.401 Thread 0x000000000016d800 Exception <a 'java/lang/NoSuchFieldError': method resolution failed> (0x00000000eb8051d0) thrown at [C:\re\workspace\8-2-build-windows-amd64-cygwin\jdk8u60\4407\hotspot\src\share\vm\prims\methodHandles.cpp, line 1146]
Event: 0.445 Thread 0x000000000016d800 Exception <a 'java/io/FileNotFoundException'> (0x00000000eb89ab50) thrown at [C:\re\workspace\8-2-build-windows-amd64-cygwin\jdk8u60\4407\hotspot\src\share\vm\prims\jni.cpp, line 709]
Event: 1.205 Thread 0x000000000016d800 Implicit null exception at 0x000000000293894b to 0x0000000002938afd

Events (10 events):
Event: 8.376 Thread 0x00000000562ec800 DEOPT PACKING pc=0x000000000299f63b sp=0x000000005870f550
Event: 8.376 Thread 0x00000000562ec800 DEOPT UNPACKING pc=0x000000000280747f sp=0x000000005870f278 mode 0
Event: 8.377 Thread 0x00000000562ec800 DEOPT PACKING pc=0x000000000299f63b sp=0x000000005870f550
Event: 8.377 Thread 0x00000000562ec800 DEOPT UNPACKING pc=0x000000000280747f sp=0x000000005870f278 mode 0
Event: 8.377 Thread 0x00000000562ec800 DEOPT PACKING pc=0x000000000299f63b sp=0x000000005870f550
Event: 8.377 Thread 0x00000000562ec800 DEOPT UNPACKING pc=0x000000000280747f sp=0x000000005870f278 mode 0
Event: 8.459 Executing VM operation: RevokeBias
Event: 8.459 Executing VM operation: RevokeBias done
Event: 8.459 loading class Mario
Event: 8.459 loading class Mario done


Dynamic libraries:
0x000000013f870000 - 0x000000013f8a7000 	C:\Program Files\Java\jre1.8.0_60\bin\javaw.exe
0x0000000077ab0000 - 0x0000000077c59000 	C:\Windows\SYSTEM32\ntdll.dll
0x0000000077890000 - 0x00000000779b0000 	C:\Windows\system32\kernel32.dll
0x000007fefd8b0000 - 0x000007fefd91c000 	C:\Windows\system32\KERNELBASE.dll
0x000007fefe030000 - 0x000007fefe10b000 	C:\Windows\system32\ADVAPI32.dll
0x000007fefdc10000 - 0x000007fefdcaf000 	C:\Windows\system32\msvcrt.dll
0x000007fefe3c0000 - 0x000007fefe3df000 	C:\Windows\SYSTEM32\sechost.dll
0x000007fefe290000 - 0x000007fefe3bd000 	C:\Windows\system32\RPCRT4.dll
0x00000000779b0000 - 0x0000000077aaa000 	C:\Windows\system32\USER32.dll
0x000007fefdcb0000 - 0x000007fefdd17000 	C:\Windows\system32\GDI32.dll
0x000007fefe190000 - 0x000007fefe19e000 	C:\Windows\system32\LPK.dll
0x000007fefdf60000 - 0x000007fefe029000 	C:\Windows\system32\USP10.dll
0x000007fefbd10000 - 0x000007fefbf04000 	C:\Windows\WinSxS\amd64_microsoft.windows.common-controls_6595b64144ccf1df_6.0.7601.18837_none_fa3b1e3d17594757\COMCTL32.dll
0x000007feffad0000 - 0x000007feffb41000 	C:\Windows\system32\SHLWAPI.dll
0x000007fefe160000 - 0x000007fefe18e000 	C:\Windows\system32\IMM32.DLL
0x000007feff830000 - 0x000007feff939000 	C:\Windows\system32\MSCTF.dll
0x000000005ad00000 - 0x000000005add2000 	C:\Program Files\Java\jre1.8.0_60\bin\msvcr100.dll
0x000000005b280000 - 0x000000005bb09000 	C:\Program Files\Java\jre1.8.0_60\bin\server\jvm.dll
0x000007fef9740000 - 0x000007fef9749000 	C:\Windows\system32\WSOCK32.dll
0x000007fefe110000 - 0x000007fefe15d000 	C:\Windows\system32\WS2_32.dll
0x000007fefe280000 - 0x000007fefe288000 	C:\Windows\system32\NSI.dll
0x000007fefab10000 - 0x000007fefab4b000 	C:\Windows\system32\WINMM.dll
0x000007fefc8d0000 - 0x000007fefc8dc000 	C:\Windows\system32\VERSION.dll
0x0000000077c80000 - 0x0000000077c87000 	C:\Windows\system32\PSAPI.DLL
0x0000000060ad0000 - 0x0000000060adf000 	C:\Program Files\Java\jre1.8.0_60\bin\verify.dll
0x000000005d520000 - 0x000000005d549000 	C:\Program Files\Java\jre1.8.0_60\bin\java.dll
0x000000005d500000 - 0x000000005d516000 	C:\Program Files\Java\jre1.8.0_60\bin\zip.dll
0x000007fefe980000 - 0x000007feff709000 	C:\Windows\system32\SHELL32.dll
0x000007fefe3e0000 - 0x000007fefe5e3000 	C:\Windows\system32\ole32.dll
0x000007fefd850000 - 0x000007fefd85f000 	C:\Windows\system32\profapi.dll
0x00000000565e0000 - 0x0000000056778000 	C:\Program Files\Java\jre1.8.0_60\bin\awt.dll
0x000007fefe1a0000 - 0x000007fefe277000 	C:\Windows\system32\OLEAUT32.dll
0x000007fefb9c0000 - 0x000007fefb9d8000 	C:\Windows\system32\DWMAPI.DLL
0x000007fefbc60000 - 0x000007fefbcb6000 	C:\Windows\system32\uxtheme.dll
0x000007fefd6f0000 - 0x000007fefd6ff000 	C:\Windows\system32\CRYPTBASE.dll
0x000007fef32d0000 - 0x000007fef34cf000 	C:\Windows\system32\d3d9.dll
0x000007fef32c0000 - 0x000007fef32c7000 	C:\Windows\system32\d3d8thk.dll
0x000007fee1f40000 - 0x000007fee2fe0000 	C:\Windows\system32\nvd3dumx.dll
0x0000000180000000 - 0x0000000180134000 	C:\Windows\system32\nvspcap64.dll
0x000007fefda50000 - 0x000007fefdbbd000 	C:\Windows\system32\CRYPT32.dll
0x000007fefd860000 - 0x000007fefd86f000 	C:\Windows\system32\MSASN1.dll
0x000007fefa3c0000 - 0x000007fefa6dd000 	C:\Windows\system32\nvapi64.dll
0x000007fefdd80000 - 0x000007fefdf57000 	C:\Windows\system32\SETUPAPI.dll
0x000007fefdbd0000 - 0x000007fefdc06000 	C:\Windows\system32\CFGMGR32.dll
0x000007fefd890000 - 0x000007fefd8aa000 	C:\Windows\system32\DEVOBJ.dll
0x000007fefc1a0000 - 0x000007fefc1cc000 	C:\Windows\system32\powrprof.dll
0x000007fee3f10000 - 0x000007fee4077000 	C:\Program Files (x86)\NVIDIA Corporation\3D Vision\nvSCPAPI64.dll
0x000000005ca00000 - 0x000000005ca47000 	C:\Program Files\Java\jre1.8.0_60\bin\fontmanager.dll
0x000000005d450000 - 0x000000005d481000 	C:\Program Files\Java\jre1.8.0_60\bin\jpeg.dll

VM Arguments:
jvm_args: -Dfile.encoding=Cp1252 
java_command: Ventana
java_class_path (initial): C:\Users\Mª Asuncion\git\MarioBros-Proyecto\MarioBros-Proyecto\MarioBross\bin
Launcher Type: SUN_STANDARD

Environment Variables:
PATH=C:/Program Files/Java/jre1.8.0_60/bin/server;C:/Program Files/Java/jre1.8.0_60/bin;C:/Program Files/Java/jre1.8.0_60/lib/amd64;C:\ProgramData\Oracle\Java\javapath;C:\Windows\system32;C:\Windows;C:\Windows\system32\wbem;C:\Program Files (x86)\NVIDIA Corporation\PhysX\Common;C:\Program Files\Common Files\Microsoft Shared\Windows Live;C:\Program Files (x86)\Common Files\Microsoft Shared\Windows Live;C:\Windows\System32\WindowsPowerShell\v1.0;C:\Program Files\Intel\DMIX;C:\Program Files (x86)\Common Files\DivX Shared;C:\Program Files (x86)\Windows Live\Shared;C:\Program Files (x86)\Skype\Phone\;C:\Users\Mª Asuncion\Desktop;
USERNAME=Mª Asuncion
OS=Windows_NT
PROCESSOR_IDENTIFIER=Intel64 Family 6 Model 37 Stepping 5, GenuineIntel



---------------  S Y S T E M  ---------------

OS: Windows 7 , 64 bit Build 7601 (6.1.7601.19045)

CPU:total 2 (2 cores per cpu, 2 threads per core) family 6 model 37 stepping 5, cmov, cx8, fxsr, mmx, sse, sse2, sse3, ssse3, sse4.1, sse4.2, popcnt, ht, tsc, tscinvbit

Memory: 4k page, physical 4052376k(580768k free), swap 16207668k(4668k free)

vm_info: Java HotSpot(TM) 64-Bit Server VM (25.60-b23) for windows-amd64 JRE (1.8.0_60-b27), built on Aug  4 2015 11:06:27 by "java_re" with MS VC++ 10.0 (VS2010)

time: Wed Nov 30 17:59:22 2016
elapsed time: 8 seconds (0d 0h 0m 8s)

