#
# There is insufficient memory for the Java Runtime Environment to continue.
# Native memory allocation (malloc) failed to allocate 356976 bytes for Chunk::new
# Possible reasons:
#   The system is out of physical RAM or swap space
#   In 32 bit mode, the process size limit was hit
# Possible solutions:
#   Reduce memory load on the system
#   Increase physical memory or swap space
#   Check if swap backing store is full
#   Use 64 bit Java on a 64 bit OS
#   Decrease Java heap size (-Xmx/-Xms)
#   Decrease number of Java threads
#   Decrease Java thread stack sizes (-Xss)
#   Set larger code cache with -XX:ReservedCodeCacheSize=
# This output file may be truncated or incomplete.
#
#  Out of Memory Error (allocation.cpp:390), pid=6980, tid=4236
#
# JRE version: Java(TM) SE Runtime Environment (8.0_60-b27) (build 1.8.0_60-b27)
# Java VM: Java HotSpot(TM) 64-Bit Server VM (25.60-b23 mixed mode windows-amd64 compressed oops)
# Failed to write core dump. Minidumps are not enabled by default on client versions of Windows
#

---------------  T H R E A D  ---------------

Current thread (0x0000000054cda800):  JavaThread "C2 CompilerThread0" daemon [_thread_in_native, id=4236, stack(0x0000000055da0000,0x0000000055ea0000)]

Stack: [0x0000000055da0000,0x0000000055ea0000]
[error occurred during error reporting (printing stack bounds), id 0xc0000005]

Native frames: (J=compiled Java code, j=interpreted, Vv=VM code, C=native code)


Current CompileTask:
C2:   3196  374 % !   4       sun.awt.image.PNGImageDecoder::produceImage @ 960 (1916 bytes)


---------------  P R O C E S S  ---------------

Java Threads: ( => current thread )
  0x000000005625d000 JavaThread "Image Fetcher 0" daemon [_thread_blocked, id=10016, stack(0x0000000059050000,0x0000000059150000)]
  0x000000005625c000 JavaThread "D3D Screen Updater" daemon [_thread_blocked, id=9384, stack(0x0000000059240000,0x0000000059340000)]
  0x000000005625b800 JavaThread "AWT-EventQueue-0" [_thread_blocked, id=2400, stack(0x0000000058e50000,0x0000000058f50000)]
  0x000000005625a800 JavaThread "AWT-Windows" daemon [_thread_in_native, id=9560, stack(0x0000000056e10000,0x0000000056f10000)]
  0x000000005625a000 JavaThread "AWT-Shutdown" [_thread_blocked, id=10052, stack(0x0000000055fc0000,0x00000000560c0000)]
  0x0000000056259000 JavaThread "Java2D Disposer" daemon [_thread_blocked, id=9220, stack(0x0000000056c10000,0x0000000056d10000)]
  0x0000000056258800 JavaThread "Service Thread" daemon [_thread_blocked, id=5568, stack(0x0000000056670000,0x0000000056770000)]
  0x0000000054cf6000 JavaThread "C1 CompilerThread1" daemon [_thread_blocked, id=1480, stack(0x0000000056120000,0x0000000056220000)]
=>0x0000000054cda800 JavaThread "C2 CompilerThread0" daemon [_thread_in_native, id=4236, stack(0x0000000055da0000,0x0000000055ea0000)]
  0x0000000054cd8800 JavaThread "Attach Listener" daemon [_thread_blocked, id=4444, stack(0x0000000055ea0000,0x0000000055fa0000)]
  0x0000000054cd7000 JavaThread "Signal Dispatcher" daemon [_thread_blocked, id=6476, stack(0x0000000055bf0000,0x0000000055cf0000)]
  0x0000000054c7b800 JavaThread "Finalizer" daemon [_thread_blocked, id=9916, stack(0x00000000559e0000,0x0000000055ae0000)]
  0x0000000054c74800 JavaThread "Reference Handler" daemon [_thread_blocked, id=7724, stack(0x00000000558d0000,0x00000000559d0000)]
  0x00000000022fd800 JavaThread "main" [_thread_in_native, id=6440, stack(0x0000000002490000,0x0000000002590000)]

Other Threads:
  0x0000000054c6d000 VMThread [stack: 0x0000000055740000,0x0000000055840000] [id=2008]
  0x0000000056269000 WatcherThread [stack: 0x0000000056840000,0x0000000056940000] [id=9776]

VM state:not at safepoint (normal execution)

VM Mutex/Monitor currently owned by a thread: None

Heap:
 PSYoungGen      total 34304K, used 14169K [0x00000000eb600000, 0x00000000eda00000, 0x0000000100000000)
  eden space 31744K, 39% used [0x00000000eb600000,0x00000000ec23f680,0x00000000ed500000)
  from space 2560K, 63% used [0x00000000ed780000,0x00000000ed916f50,0x00000000eda00000)
  to   space 2560K, 0% used [0x00000000ed500000,0x00000000ed500000,0x00000000ed780000)
 ParOldGen       total 107008K, used 64135K [0x00000000c2200000, 0x00000000c8a80000, 0x00000000eb600000)
  object space 107008K, 59% used [0x00000000c2200000,0x00000000c60a1c10,0x00000000c8a80000)
 Metaspace       used 9111K, capacity 9302K, committed 9472K, reserved 1056768K
  class space    used 1130K, capacity 1221K, committed 1280K, reserved 1048576K

Card table byte_map: [0x0000000011c20000,0x0000000011e10000] byte_map_base: 0x000000001160f000

Marking Bits: (ParMarkBitMap*) 0x000000005ba8a5b0
 Begin Bits: [0x0000000012260000, 0x00000000131d8000)
 End Bits:   [0x00000000131d8000, 0x0000000014150000)

Polling page: 0x0000000000130000

CodeCache: size=245760Kb used=2104Kb max_used=2104Kb free=243655Kb
 bounds [0x0000000002860000, 0x0000000002ad0000, 0x0000000011860000]
 total_blobs=853 nmethods=399 adapters=368
 compilation: enabled

Compilation events (10 events):
Event: 3.043 Thread 0x0000000054cf6000  388       3       java.util.zip.InflaterInputStream::fill (60 bytes)
Event: 3.044 Thread 0x0000000054cf6000 nmethod 388 0x0000000002a62e50 code [0x0000000002a63000, 0x0000000002a63498]
Event: 3.070 Thread 0x0000000054cf6000  389       1       java.util.concurrent.locks.AbstractQueuedSynchronizer::getState (5 bytes)
Event: 3.070 Thread 0x0000000054cf6000 nmethod 389 0x0000000002a4cf50 code [0x0000000002a4d0a0, 0x0000000002a4d1b0]
Event: 3.070 Thread 0x0000000054cf6000  390       3       java.util.ArrayList::ensureCapacityInternal (23 bytes)
Event: 3.070 Thread 0x0000000054cf6000 nmethod 390 0x0000000002a62850 code [0x0000000002a629e0, 0x0000000002a62d08]
Event: 3.073 Thread 0x0000000054cf6000  391  s!   3       sun.misc.URLClassPath::getLoader (197 bytes)
Event: 3.076 Thread 0x0000000054cf6000 nmethod 391 0x0000000002a68950 code [0x0000000002a68d00, 0x0000000002a6b308]
Event: 3.076 Thread 0x0000000054cf6000  392       1       java.net.URL::getQuery (5 bytes)
Event: 3.076 Thread 0x0000000054cf6000 nmethod 392 0x0000000002a62590 code [0x0000000002a626e0, 0x0000000002a627f0]

GC Heap History (8 events):
Event: 1.819 GC heap before
{Heap before GC invocations=1 (full 0):
 PSYoungGen      total 18432K, used 15828K [0x00000000eb600000, 0x00000000eca80000, 0x0000000100000000)
  eden space 15872K, 99% used [0x00000000eb600000,0x00000000ec5751c0,0x00000000ec580000)
  from space 2560K, 0% used [0x00000000ec800000,0x00000000ec800000,0x00000000eca80000)
  to   space 2560K, 0% used [0x00000000ec580000,0x00000000ec580000,0x00000000ec800000)
 ParOldGen       total 107008K, used 64119K [0x00000000c2200000, 0x00000000c8a80000, 0x00000000eb600000)
  object space 107008K, 59% used [0x00000000c2200000,0x00000000c609dc10,0x00000000c8a80000)
 Metaspace       used 8745K, capacity 8950K, committed 9216K, reserved 1056768K
  class space    used 1098K, capacity 1189K, committed 1280K, reserved 1048576K
Event: 1.824 GC heap after
Heap after GC invocations=1 (full 0):
 PSYoungGen      total 18432K, used 1659K [0x00000000eb600000, 0x00000000eca80000, 0x0000000100000000)
  eden space 15872K, 0% used [0x00000000eb600000,0x00000000eb600000,0x00000000ec580000)
  from space 2560K, 64% used [0x00000000ec580000,0x00000000ec71ef50,0x00000000ec800000)
  to   space 2560K, 0% used [0x00000000ec800000,0x00000000ec800000,0x00000000eca80000)
 ParOldGen       total 107008K, used 64127K [0x00000000c2200000, 0x00000000c8a80000, 0x00000000eb600000)
  object space 107008K, 59% used [0x00000000c2200000,0x00000000c609fc10,0x00000000c8a80000)
 Metaspace       used 8745K, capacity 8950K, committed 9216K, reserved 1056768K
  class space    used 1098K, capacity 1189K, committed 1280K, reserved 1048576K
}
Event: 1.881 GC heap before
{Heap before GC invocations=2 (full 0):
 PSYoungGen      total 18432K, used 17488K [0x00000000eb600000, 0x00000000eca80000, 0x0000000100000000)
  eden space 15872K, 99% used [0x00000000eb600000,0x00000000ec5753c8,0x00000000ec580000)
  from space 2560K, 64% used [0x00000000ec580000,0x00000000ec71ef50,0x00000000ec800000)
  to   space 2560K, 0% used [0x00000000ec800000,0x00000000ec800000,0x00000000eca80000)
 ParOldGen       total 107008K, used 64127K [0x00000000c2200000, 0x00000000c8a80000, 0x00000000eb600000)
  object space 107008K, 59% used [0x00000000c2200000,0x00000000c609fc10,0x00000000c8a80000)
 Metaspace       used 8758K, capacity 8950K, committed 9216K, reserved 1056768K
  class space    used 1098K, capacity 1189K, committed 1280K, reserved 1048576K
Event: 1.885 GC heap after
Heap after GC invocations=2 (full 0):
 PSYoungGen      total 18432K, used 1627K [0x00000000eb600000, 0x00000000eda00000, 0x0000000100000000)
  eden space 15872K, 0% used [0x00000000eb600000,0x00000000eb600000,0x00000000ec580000)
  from space 2560K, 63% used [0x00000000ec800000,0x00000000ec996f50,0x00000000eca80000)
  to   space 2560K, 0% used [0x00000000ec580000,0x00000000ec580000,0x00000000ec800000)
 ParOldGen       total 107008K, used 64135K [0x00000000c2200000, 0x00000000c8a80000, 0x00000000eb600000)
  object space 107008K, 59% used [0x00000000c2200000,0x00000000c60a1c10,0x00000000c8a80000)
 Metaspace       used 8758K, capacity 8950K, committed 9216K, reserved 1056768K
  class space    used 1098K, capacity 1189K, committed 1280K, reserved 1048576K
}
Event: 1.936 GC heap before
{Heap before GC invocations=3 (full 0):
 PSYoungGen      total 18432K, used 17499K [0x00000000eb600000, 0x00000000eda00000, 0x0000000100000000)
  eden space 15872K, 100% used [0x00000000eb600000,0x00000000ec580000,0x00000000ec580000)
  from space 2560K, 63% used [0x00000000ec800000,0x00000000ec996f50,0x00000000eca80000)
  to   space 2560K, 0% used [0x00000000ec580000,0x00000000ec580000,0x00000000ec800000)
 ParOldGen       total 107008K, used 64135K [0x00000000c2200000, 0x00000000c8a80000, 0x00000000eb600000)
  object space 107008K, 59% used [0x00000000c2200000,0x00000000c60a1c10,0x00000000c8a80000)
 Metaspace       used 8758K, capacity 8950K, committed 9216K, reserved 1056768K
  class space    used 1098K, capacity 1189K, committed 1280K, reserved 1048576K
Event: 1.939 GC heap after
Heap after GC invocations=3 (full 0):
 PSYoungGen      total 18432K, used 1627K [0x00000000eb600000, 0x00000000eda00000, 0x0000000100000000)
  eden space 15872K, 0% used [0x00000000eb600000,0x00000000eb600000,0x00000000ec580000)
  from space 2560K, 63% used [0x00000000ec580000,0x00000000ec716f50,0x00000000ec800000)
  to   space 2560K, 0% used [0x00000000ed780000,0x00000000ed780000,0x00000000eda00000)
 ParOldGen       total 107008K, used 64135K [0x00000000c2200000, 0x00000000c8a80000, 0x00000000eb600000)
  object space 107008K, 59% used [0x00000000c2200000,0x00000000c60a1c10,0x00000000c8a80000)
 Metaspace       used 8758K, capacity 8950K, committed 9216K, reserved 1056768K
  class space    used 1098K, capacity 1189K, committed 1280K, reserved 1048576K
}
Event: 2.017 GC heap before
{Heap before GC invocations=4 (full 0):
 PSYoungGen      total 18432K, used 17480K [0x00000000eb600000, 0x00000000eda00000, 0x0000000100000000)
  eden space 15872K, 99% used [0x00000000eb600000,0x00000000ec57b250,0x00000000ec580000)
  from space 2560K, 63% used [0x00000000ec580000,0x00000000ec716f50,0x00000000ec800000)
  to   space 2560K, 0% used [0x00000000ed780000,0x00000000ed780000,0x00000000eda00000)
 ParOldGen       total 107008K, used 64135K [0x00000000c2200000, 0x00000000c8a80000, 0x00000000eb600000)
  object space 107008K, 59% used [0x00000000c2200000,0x00000000c60a1c10,0x00000000c8a80000)
 Metaspace       used 8758K, capacity 8950K, committed 9216K, reserved 1056768K
  class space    used 1098K, capacity 1189K, committed 1280K, reserved 1048576K
Event: 2.022 GC heap after
Heap after GC invocations=4 (full 0):
 PSYoungGen      total 34304K, used 1627K [0x00000000eb600000, 0x00000000eda00000, 0x0000000100000000)
  eden space 31744K, 0% used [0x00000000eb600000,0x00000000eb600000,0x00000000ed500000)
  from space 2560K, 63% used [0x00000000ed780000,0x00000000ed916f50,0x00000000eda00000)
  to   space 2560K, 0% used [0x00000000ed500000,0x00000000ed500000,0x00000000ed780000)
 ParOldGen       total 107008K, used 64135K [0x00000000c2200000, 0x00000000c8a80000, 0x00000000eb600000)
  object space 107008K, 59% used [0x00000000c2200000,0x00000000c60a1c10,0x00000000c8a80000)
 Metaspace       used 8758K, capacity 8950K, committed 9216K, reserved 1056768K
  class space    used 1098K, capacity 1189K, committed 1280K, reserved 1048576K
}

Deoptimization events (2 events):
Event: 0.593 Thread 0x00000000022fd800 Uncommon trap: reason=null_check action=make_not_entrant pc=0x00000000029d194c method=java.lang.String.equals(Ljava/lang/Object;)Z @ 8
Event: 3.035 Thread 0x000000005625d000 Uncommon trap: reason=unstable_if action=reinterpret pc=0x0000000002a664fc method=sun.awt.image.PNGImageDecoder.filterRow([B[BIII)V @ 377

Internal exceptions (10 events):
Event: 0.121 Thread 0x00000000022fd800 Exception <a 'java/lang/NoSuchMethodError': Method sun.misc.Unsafe.prefetchRead(Ljava/lang/Object;J)V name or signature does not match> (0x00000000eb60d758) thrown at [C:\re\workspace\8-2-build-windows-amd64-cygwin\jdk8u60\4407\hotspot\src\share\vm\prims\j&ˆG×ÂëÑ?
Event: 0.280 Thread 0x00000000022fd800 Exception <a 'java/security/PrivilegedActionException'> (0x00000000eb6d2d78) thrown at [C:\re\workspace\8-2-build-windows-amd64-cygwin\jdk8u60\4407\hotspot\src\share\vm\prims\jvm.cpp, line 1386]
Event: 0.280 Thread 0x00000000022fd800 Exception <a 'java/security/PrivilegedActionException'> (0x00000000eb6d2f88) thrown at [C:\re\workspace\8-2-build-windows-amd64-cygwin\jdk8u60\4407\hotspot\src\share\vm\prims\jvm.cpp, line 1386]
Event: 0.281 Thread 0x00000000022fd800 Exception <a 'java/security/PrivilegedActionException'> (0x00000000eb6d6b30) thrown at [C:\re\workspace\8-2-build-windows-amd64-cygwin\jdk8u60\4407\hotspot\src\share\vm\prims\jvm.cpp, line 1386]
Event: 0.282 Thread 0x00000000022fd800 Exception <a 'java/security/PrivilegedActionException'> (0x00000000eb6d6d40) thrown at [C:\re\workspace\8-2-build-windows-amd64-cygwin\jdk8u60\4407\hotspot\src\share\vm\prims\jvm.cpp, line 1386]
Event: 0.287 Thread 0x00000000022fd800 Exception <a 'java/io/FileNotFoundException'> (0x00000000eb6d9e28) thrown at [C:\re\workspace\8-2-build-windows-amd64-cygwin\jdk8u60\4407\hotspot\src\share\vm\prims\jni.cpp, line 709]
Event: 0.353 Thread 0x00000000022fd800 Exception <a 'java/lang/NoSuchFieldError': method resolution failed> (0x00000000eb7f7e00) thrown at [C:\re\workspace\8-2-build-windows-amd64-cygwin\jdk8u60\4407\hotspot\src\share\vm\prims\methodHandles.cpp, line 1146]
Event: 0.364 Thread 0x00000000022fd800 Exception <a 'java/lang/NoSuchFieldError': method resolution failed> (0x00000000eb8051d0) thrown at [C:\re\workspace\8-2-build-windows-amd64-cygwin\jdk8u60\4407\hotspot\src\share\vm\prims\methodHandles.cpp, line 1146]
Event: 0.419 Thread 0x00000000022fd800 Exception <a 'java/io/FileNotFoundException'> (0x00000000eb89ab50) thrown at [C:\re\workspace\8-2-build-windows-amd64-cygwin\jdk8u60\4407\hotspot\src\share\vm\prims\jni.cpp, line 709]
Event: 0.593 Thread 0x00000000022fd800 Implicit null exception at 0x00000000029d178b to 0x00000000029d193d

Events (10 events):
Event: 3.062 Thread 0x000000005625d000 DEOPT PACKING pc=0x0000000002a678ae sp=0x000000005914eb80
Event: 3.062 Thread 0x000000005625d000 DEOPT UNPACKING pc=0x00000000028a747f sp=0x000000005914e878 mode 0
Event: 3.062 Thread 0x000000005625d000 DEOPT PACKING pc=0x0000000002a678ae sp=0x000000005914eb80
Event: 3.062 Thread 0x000000005625d000 DEOPT UNPACKING pc=0x00000000028a747f sp=0x000000005914e878 mode 0
Event: 3.063 Thread 0x000000005625d000 DEOPT PACKING pc=0x0000000002a678ae sp=0x000000005914eb80
Event: 3.063 Thread 0x000000005625d000 DEOPT UNPACKING pc=0x00000000028a747f sp=0x000000005914e878 mode 0
Event: 3.063 Thread 0x000000005625d000 DEOPT PACKING pc=0x0000000002a678ae sp=0x000000005914eb80
Event: 3.063 Thread 0x000000005625d000 DEOPT UNPACKING pc=0x00000000028a747f sp=0x000000005914e878 mode 0
Event: 3.071 loading class Mario
Event: 3.071 loading class Mario done


Dynamic libraries:
0x000000013f870000 - 0x000000013f8a7000 	C:\Program Files\Java\jre1.8.0_60\bin\javaw.exe
0x0000000077ab0000 - 0x0000000077c59000 	C:\Windows\SYSTEM32\ntdll.dll
0x0000000077890000 - 0x00000000779b0000 	C:\Windows\system32\kernel32.dll
0x000007fefd8b0000 - 0x000007fefd91c000 	C:\Windows\system32\KERNELBASE.dll
0x000007fefe030000 - 0x000007fefe10b000 	C:\Windows\system32\ADVAPI32.dll
0x000007fefdc10000 - 0x000007fefdcaf000 	C:\Windows\system32\msvcrt.dll
0x000007fefe3c0000 - 0x000007fefe3df000 	C:\Windows\SYSTEM32\sechost.dll
0x000007fefe290000 - 0x000007fefe3bd000 	C:\Windows\system32\RPCRT4.dll
0x00000000779b0000 - 0x0000000077aaa000 	C:\Windows\system32\USER32.dll
0x000007fefdcb0000 - 0x000007fefdd17000 	C:\Windows\system32\GDI32.dll
0x000007fefe190000 - 0x000007fefe19e000 	C:\Windows\system32\LPK.dll
0x000007fefdf60000 - 0x000007fefe029000 	C:\Windows\system32\USP10.dll
0x000007fefbd10000 - 0x000007fefbf04000 	C:\Windows\WinSxS\amd64_microsoft.windows.common-controls_6595b64144ccf1df_6.0.7601.18837_none_fa3b1e3d17594757\COMCTL32.dll
0x000007feffad0000 - 0x000007feffb41000 	C:\Windows\system32\SHLWAPI.dll
0x000007fefe160000 - 0x000007fefe18e000 	C:\Windows\system32\IMM32.DLL
0x000007feff830000 - 0x000007feff939000 	C:\Windows\system32\MSCTF.dll
0x000000005ad00000 - 0x000000005add2000 	C:\Program Files\Java\jre1.8.0_60\bin\msvcr100.dll
0x000000005b280000 - 0x000000005bb09000 	C:\Program Files\Java\jre1.8.0_60\bin\server\jvm.dll
0x000007fef9740000 - 0x000007fef9749000 	C:\Windows\system32\WSOCK32.dll
0x000007fefe110000 - 0x000007fefe15d000 	C:\Windows\system32\WS2_32.dll
0x000007fefe280000 - 0x000007fefe288000 	C:\Windows\system32\NSI.dll
0x000007fefab10000 - 0x000007fefab4b000 	C:\Windows\system32\WINMM.dll
0x000007fefc8d0000 - 0x000007fefc8dc000 	C:\Windows\system32\VERSION.dll
0x0000000077c80000 - 0x0000000077c87000 	C:\Windows\system32\PSAPI.DLL
0x0000000060ad0000 - 0x0000000060adf000 	C:\Program Files\Java\jre1.8.0_60\bin\verify.dll
0x000000005d520000 - 0x000000005d549000 	C:\Program Files\Java\jre1.8.0_60\bin\java.dll
0x000000005d500000 - 0x000000005d516000 	C:\Program Files\Java\jre1.8.0_60\bin\zip.dll
0x000007fefe980000 - 0x000007feff709000 	C:\Windows\system32\SHELL32.dll
0x000007fefe3e0000 - 0x000007fefe5e3000 	C:\Windows\system32\ole32.dll
0x000007fefd850000 - 0x000007fefd85f000 	C:\Windows\system32\profapi.dll
0x0000000056940000 - 0x0000000056ad8000 	C:\Program Files\Java\jre1.8.0_60\bin\awt.dll
0x000007fefe1a0000 - 0x000007fefe277000 	C:\Windows\system32\OLEAUT32.dll
0x000007fefb9c0000 - 0x000007fefb9d8000 	C:\Windows\system32\DWMAPI.DLL
0x000007fefbc60000 - 0x000007fefbcb6000 	C:\Windows\system32\uxtheme.dll
0x000007fefd6f0000 - 0x000007fefd6ff000 	C:\Windows\system32\CRYPTBASE.dll
0x000007fef32d0000 - 0x000007fef34cf000 	C:\Windows\system32\d3d9.dll
0x000007fef32c0000 - 0x000007fef32c7000 	C:\Windows\system32\d3d8thk.dll
0x000007fee1f40000 - 0x000007fee2fe0000 	C:\Windows\system32\nvd3dumx.dll
0x0000000180000000 - 0x0000000180134000 	C:\Windows\system32\nvspcap64.dll
0x000007fefda50000 - 0x000007fefdbbd000 	C:\Windows\system32\CRYPT32.dll
0x000007fefd860000 - 0x000007fefd86f000 	C:\Windows\system32\MSASN1.dll
0x000007fefa3c0000 - 0x000007fefa6dd000 	C:\Windows\system32\nvapi64.dll
0x000007fefdd80000 - 0x000007fefdf57000 	C:\Windows\system32\SETUPAPI.dll
0x000007fefdbd0000 - 0x000007fefdc06000 	C:\Windows\system32\CFGMGR32.dll
0x000007fefd890000 - 0x000007fefd8aa000 	C:\Windows\system32\DEVOBJ.dll
0x000007fefc1a0000 - 0x000007fefc1cc000 	C:\Windows\system32\powrprof.dll
0x000007fee3f10000 - 0x000007fee4077000 	C:\Program Files (x86)\NVIDIA Corporation\3D Vision\nvSCPAPI64.dll
0x000000005ca00000 - 0x000000005ca47000 	C:\Program Files\Java\jre1.8.0_60\bin\fontmanager.dll
0x000000005d450000 - 0x000000005d481000 	C:\Program Files\Java\jre1.8.0_60\bin\jpeg.dll

VM Arguments:
jvm_args: -Dfile.encoding=Cp1252 
java_command: Ventana
java_class_path (initial): C:\Users\Mª Asuncion\git\MarioBros-Proyecto\MarioBros-Proyecto\MarioBross\bin
Launcher Type: SUN_STANDARD

Environment Variables:
PATH=C:/Program Files/Java/jre1.8.0_60/bin/server;C:/Program Files/Java/jre1.8.0_60/bin;C:/Program Files/Java/jre1.8.0_60/lib/amd64;C:\ProgramData\Oracle\Java\javapath;C:\Windows\system32;C:\Windows;C:\Windows\system32\wbem;C:\Program Files (x86)\NVIDIA Corporation\PhysX\Common;C:\Program Files\Common Files\Microsoft Shared\Windows Live;C:\Program Files (x86)\Common Files\Microsoft Shared\Windows Live;C:\Windows\System32\WindowsPowerShell\v1.0;C:\Program Files\Intel\DMIX;C:\Program Files (x86)\Common Files\DivX Shared;C:\Program Files (x86)\Windows Live\Shared;C:\Program Files (x86)\Skype\Phone\;C:\Users\Mª Asuncion\Desktop;
USERNAME=Mª Asuncion
OS=Windows_NT
PROCESSOR_IDENTIFIER=Intel64 Family 6 Model 37 Stepping 5, GenuineIntel



---------------  S Y S T E M  ---------------

OS: Windows 7 , 64 bit Build 7601 (6.1.7601.19045)

CPU:total 2 (2 cores per cpu, 2 threads per core) family 6 model 37 stepping 5, cmov, cx8, fxsr, mmx, sse, sse2, sse3, ssse3, sse4.1, sse4.2, popcnt, ht, tsc, tscinvbit

Memory: 4k page, physical 4052376k(649400k free), swap 16207668k(3484k free)

vm_info: Java HotSpot(TM) 64-Bit Server VM (25.60-b23) for windows-amd64 JRE (1.8.0_60-b27), built on Aug  4 2015 11:06:27 by "java_re" with MS VC++ 10.0 (VS2010)

time: Wed Nov 30 17:57:36 2016
elapsed time: 3 seconds (0d 0h 0m 3s)

