#
# There is insufficient memory for the Java Runtime Environment to continue.
# Native memory allocation (malloc) failed to allocate 2673456 bytes for Chunk::new
# Possible reasons:
#   The system is out of physical RAM or swap space
#   In 32 bit mode, the process size limit was hit
# Possible solutions:
#   Reduce memory load on the system
#   Increase physical memory or swap space
#   Check if swap backing store is full
#   Use 64 bit Java on a 64 bit OS
#   Decrease Java heap size (-Xmx/-Xms)
#   Decrease number of Java threads
#   Decrease Java thread stack sizes (-Xss)
#   Set larger code cache with -XX:ReservedCodeCacheSize=
# This output file may be truncated or incomplete.
#
#  Out of Memory Error (allocation.cpp:390), pid=12648, tid=12688
#
# JRE version: Java(TM) SE Runtime Environment (8.0_60-b27) (build 1.8.0_60-b27)
# Java VM: Java HotSpot(TM) 64-Bit Server VM (25.60-b23 mixed mode windows-amd64 compressed oops)
# Failed to write core dump. Minidumps are not enabled by default on client versions of Windows
#

---------------  T H R E A D  ---------------

Current thread (0x0000000014b38800):  JavaThread "C2 CompilerThread0" daemon [_thread_in_native, id=12688, stack(0x0000000015f10000,0x0000000016010000)]

Stack: [0x0000000015f10000,0x0000000016010000]
[error occurred during error reporting (printing stack bounds), id 0xc0000005]

Native frames: (J=compiled Java code, j=interpreted, Vv=VM code, C=native code)


Current CompileTask:
C2:  40283 1170   !   4       sun.java2d.SunGraphics2D::drawImage (197 bytes)


---------------  P R O C E S S  ---------------

Java Threads: ( => current thread )
  0x00000000000fd800 JavaThread "DestroyJavaVM" [_thread_blocked, id=12656, stack(0x0000000002240000,0x0000000002340000)]
  0x0000000016595800 JavaThread "Thread-3" [_thread_blocked, id=12840, stack(0x0000000024db0000,0x0000000024eb0000)]
  0x0000000016598000 JavaThread "Thread-2" [_thread_blocked, id=12836, stack(0x0000000024bc0000,0x0000000024cc0000)]
  0x000000001658a000 JavaThread "D3D Screen Updater" daemon [_thread_blocked, id=12748, stack(0x00000000187a0000,0x00000000188a0000)]
  0x0000000016578800 JavaThread "AWT-EventQueue-0" [_thread_blocked, id=12744, stack(0x0000000018f10000,0x0000000019010000)]
  0x000000001650d000 JavaThread "AWT-Windows" daemon [_thread_in_native, id=12712, stack(0x0000000016d00000,0x0000000016e00000)]
  0x000000001650a800 JavaThread "AWT-Shutdown" [_thread_blocked, id=12708, stack(0x0000000016b80000,0x0000000016c80000)]
  0x0000000016505800 JavaThread "Java2D Disposer" daemon [_thread_blocked, id=12704, stack(0x0000000016970000,0x0000000016a70000)]
  0x0000000016220800 JavaThread "Service Thread" daemon [_thread_blocked, id=12696, stack(0x0000000016650000,0x0000000016750000)]
  0x0000000014b6d800 JavaThread "C1 CompilerThread1" daemon [_thread_blocked, id=12692, stack(0x0000000016100000,0x0000000016200000)]
=>0x0000000014b38800 JavaThread "C2 CompilerThread0" daemon [_thread_in_native, id=12688, stack(0x0000000015f10000,0x0000000016010000)]
  0x0000000014b36800 JavaThread "Attach Listener" daemon [_thread_blocked, id=12684, stack(0x0000000015da0000,0x0000000015ea0000)]
  0x0000000014b35000 JavaThread "Signal Dispatcher" daemon [_thread_blocked, id=12680, stack(0x0000000015ae0000,0x0000000015be0000)]
  0x0000000014adb800 JavaThread "Finalizer" daemon [_thread_blocked, id=12676, stack(0x00000000159a0000,0x0000000015aa0000)]
  0x0000000014ad4800 JavaThread "Reference Handler" daemon [_thread_blocked, id=12672, stack(0x0000000015870000,0x0000000015970000)]

Other Threads:
  0x0000000014acd000 VMThread [stack: 0x0000000015660000,0x0000000015760000] [id=12668]
  0x0000000014b9f800 WatcherThread [stack: 0x00000000167e0000,0x00000000168e0000] [id=12700]

VM state:not at safepoint (normal execution)

VM Mutex/Monitor currently owned by a thread: None

Heap:
 PSYoungGen      total 66048K, used 27069K [0x00000000eb600000, 0x00000000ef900000, 0x0000000100000000)
  eden space 63488K, 39% used [0x00000000eb600000,0x00000000ecea60b0,0x00000000ef400000)
  from space 2560K, 71% used [0x00000000ef680000,0x00000000ef849370,0x00000000ef900000)
  to   space 2560K, 0% used [0x00000000ef400000,0x00000000ef400000,0x00000000ef680000)
 ParOldGen       total 107008K, used 73589K [0x00000000c2200000, 0x00000000c8a80000, 0x00000000eb600000)
  object space 107008K, 68% used [0x00000000c2200000,0x00000000c69dd610,0x00000000c8a80000)
 Metaspace       used 9743K, capacity 9942K, committed 10240K, reserved 1058816K
  class space    used 1151K, capacity 1221K, committed 1280K, reserved 1048576K

Card table byte_map: [0x0000000011ac0000,0x0000000011cb0000] byte_map_base: 0x00000000114af000

Marking Bits: (ParMarkBitMap*) 0x0000000050dba5b0
 Begin Bits: [0x00000000120c0000, 0x0000000013038000)
 End Bits:   [0x0000000013038000, 0x0000000013fb0000)

Polling page: 0x0000000000140000

CodeCache: size=245760Kb used=4795Kb max_used=4795Kb free=240964Kb
 bounds [0x0000000002700000, 0x0000000002bc0000, 0x0000000011700000]
 total_blobs=1630 nmethods=1175 adapters=368
 compilation: enabled

Compilation events (10 events):
Event: 38.853 Thread 0x0000000014b38800 nmethod 1165 0x0000000002b63990 code [0x0000000002b63b00, 0x0000000002b63cb8]
Event: 38.853 Thread 0x0000000014b38800 1166   !   4       java.net.URL::<init> (543 bytes)
Event: 38.915 Thread 0x0000000014b38800 nmethod 1166 0x0000000002bb1f90 code [0x0000000002bb21a0, 0x0000000002bb39d0]
Event: 38.960 Thread 0x0000000014b38800 1167   !   4       sun.awt.AWTAutoShutdown::setToolkitBusy (124 bytes)
Event: 38.965 Thread 0x0000000014b38800 nmethod 1167 0x0000000002b62e90 code [0x0000000002b62fe0, 0x0000000002b635d8]
Event: 38.968 Thread 0x0000000014b6d800 1168       1       javax.swing.InputMap::getParent (5 bytes)
Event: 38.968 Thread 0x0000000014b6d800 nmethod 1168 0x0000000002b62b50 code [0x0000000002b62ca0, 0x0000000002b62db0]
Event: 38.993 Thread 0x0000000014b6d800 1169       1       java.lang.reflect.Field::getDeclaringClass (5 bytes)
Event: 38.994 Thread 0x0000000014b6d800 nmethod 1169 0x0000000002b66e50 code [0x0000000002b66fa0, 0x0000000002b670b0]
Event: 39.017 Thread 0x0000000014b38800 1170   !   4       sun.java2d.SunGraphics2D::drawImage (197 bytes)

GC Heap History (8 events):
Event: 1.210 GC heap before
{Heap before GC invocations=1 (full 0):
 PSYoungGen      total 18432K, used 15844K [0x00000000eb600000, 0x00000000eca80000, 0x0000000100000000)
  eden space 15872K, 99% used [0x00000000eb600000,0x00000000ec579398,0x00000000ec580000)
  from space 2560K, 0% used [0x00000000ec800000,0x00000000ec800000,0x00000000eca80000)
  to   space 2560K, 0% used [0x00000000ec580000,0x00000000ec580000,0x00000000ec800000)
 ParOldGen       total 107008K, used 64119K [0x00000000c2200000, 0x00000000c8a80000, 0x00000000eb600000)
  object space 107008K, 59% used [0x00000000c2200000,0x00000000c609dc10,0x00000000c8a80000)
 Metaspace       used 8866K, capacity 9102K, committed 9472K, reserved 1056768K
  class space    used 1086K, capacity 1157K, committed 1280K, reserved 1048576K
Event: 1.236 GC heap after
Heap after GC invocations=1 (full 0):
 PSYoungGen      total 18432K, used 2549K [0x00000000eb600000, 0x00000000eda00000, 0x0000000100000000)
  eden space 15872K, 0% used [0x00000000eb600000,0x00000000eb600000,0x00000000ec580000)
  from space 2560K, 99% used [0x00000000ec580000,0x00000000ec7fd7a0,0x00000000ec800000)
  to   space 2560K, 0% used [0x00000000ed780000,0x00000000ed780000,0x00000000eda00000)
 ParOldGen       total 107008K, used 65159K [0x00000000c2200000, 0x00000000c8a80000, 0x00000000eb600000)
  object space 107008K, 60% used [0x00000000c2200000,0x00000000c61a1c20,0x00000000c8a80000)
 Metaspace       used 8866K, capacity 9102K, committed 9472K, reserved 1056768K
  class space    used 1086K, capacity 1157K, committed 1280K, reserved 1048576K
}
Event: 1.316 GC heap before
{Heap before GC invocations=2 (full 0):
 PSYoungGen      total 18432K, used 18399K [0x00000000eb600000, 0x00000000eda00000, 0x0000000100000000)
  eden space 15872K, 99% used [0x00000000eb600000,0x00000000ec57a6a0,0x00000000ec580000)
  from space 2560K, 99% used [0x00000000ec580000,0x00000000ec7fd7a0,0x00000000ec800000)
  to   space 2560K, 0% used [0x00000000ed780000,0x00000000ed780000,0x00000000eda00000)
 ParOldGen       total 107008K, used 65159K [0x00000000c2200000, 0x00000000c8a80000, 0x00000000eb600000)
  object space 107008K, 60% used [0x00000000c2200000,0x00000000c61a1c20,0x00000000c8a80000)
 Metaspace       used 8867K, capacity 9102K, committed 9472K, reserved 1056768K
  class space    used 1086K, capacity 1157K, committed 1280K, reserved 1048576K
Event: 1.358 GC heap after
Heap after GC invocations=2 (full 0):
 PSYoungGen      total 34304K, used 2549K [0x00000000eb600000, 0x00000000eda00000, 0x0000000100000000)
  eden space 31744K, 0% used [0x00000000eb600000,0x00000000eb600000,0x00000000ed500000)
  from space 2560K, 99% used [0x00000000ed780000,0x00000000ed9fd7a0,0x00000000eda00000)
  to   space 2560K, 0% used [0x00000000ed500000,0x00000000ed500000,0x00000000ed780000)
 ParOldGen       total 107008K, used 67089K [0x00000000c2200000, 0x00000000c8a80000, 0x00000000eb600000)
  object space 107008K, 62% used [0x00000000c2200000,0x00000000c6384470,0x00000000c8a80000)
 Metaspace       used 8867K, capacity 9102K, committed 9472K, reserved 1056768K
  class space    used 1086K, capacity 1157K, committed 1280K, reserved 1048576K
}
Event: 1.581 GC heap before
{Heap before GC invocations=3 (full 0):
 PSYoungGen      total 34304K, used 34240K [0x00000000eb600000, 0x00000000eda00000, 0x0000000100000000)
  eden space 31744K, 99% used [0x00000000eb600000,0x00000000ed4f28d0,0x00000000ed500000)
  from space 2560K, 99% used [0x00000000ed780000,0x00000000ed9fd7a0,0x00000000eda00000)
  to   space 2560K, 0% used [0x00000000ed500000,0x00000000ed500000,0x00000000ed780000)
 ParOldGen       total 107008K, used 67089K [0x00000000c2200000, 0x00000000c8a80000, 0x00000000eb600000)
  object space 107008K, 62% used [0x00000000c2200000,0x00000000c6384470,0x00000000c8a80000)
 Metaspace       used 8870K, capacity 9102K, committed 9472K, reserved 1056768K
  class space    used 1086K, capacity 1157K, committed 1280K, reserved 1048576K
Event: 1.612 GC heap after
Heap after GC invocations=3 (full 0):
 PSYoungGen      total 34304K, used 2549K [0x00000000eb600000, 0x00000000ef900000, 0x0000000100000000)
  eden space 31744K, 0% used [0x00000000eb600000,0x00000000eb600000,0x00000000ed500000)
  from space 2560K, 99% used [0x00000000ed500000,0x00000000ed77d7a0,0x00000000ed780000)
  to   space 2560K, 0% used [0x00000000ef680000,0x00000000ef680000,0x00000000ef900000)
 ParOldGen       total 107008K, used 69011K [0x00000000c2200000, 0x00000000c8a80000, 0x00000000eb600000)
  object space 107008K, 64% used [0x00000000c2200000,0x00000000c6564cc0,0x00000000c8a80000)
 Metaspace       used 8870K, capacity 9102K, committed 9472K, reserved 1056768K
  class space    used 1086K, capacity 1157K, committed 1280K, reserved 1048576K
}
Event: 25.316 GC heap before
{Heap before GC invocations=4 (full 0):
 PSYoungGen      total 34304K, used 30495K [0x00000000eb600000, 0x00000000ef900000, 0x0000000100000000)
  eden space 31744K, 88% used [0x00000000eb600000,0x00000000ed14a578,0x00000000ed500000)
  from space 2560K, 99% used [0x00000000ed500000,0x00000000ed77d7a0,0x00000000ed780000)
  to   space 2560K, 0% used [0x00000000ef680000,0x00000000ef680000,0x00000000ef900000)
 ParOldGen       total 107008K, used 69011K [0x00000000c2200000, 0x00000000c8a80000, 0x00000000eb600000)
  object space 107008K, 64% used [0x00000000c2200000,0x00000000c6564cc0,0x00000000c8a80000)
 Metaspace       used 9440K, capacity 9614K, committed 9728K, reserved 1058816K
  class space    used 1151K, capacity 1221K, committed 1280K, reserved 1048576K
Event: 25.323 GC heap after
Heap after GC invocations=4 (full 0):
 PSYoungGen      total 66048K, used 1828K [0x00000000eb600000, 0x00000000ef900000, 0x0000000100000000)
  eden space 63488K, 0% used [0x00000000eb600000,0x00000000eb600000,0x00000000ef400000)
  from space 2560K, 71% used [0x00000000ef680000,0x00000000ef849370,0x00000000ef900000)
  to   space 2560K, 0% used [0x00000000ef400000,0x00000000ef400000,0x00000000ef680000)
 ParOldGen       total 107008K, used 73589K [0x00000000c2200000, 0x00000000c8a80000, 0x00000000eb600000)
  object space 107008K, 68% used [0x00000000c2200000,0x00000000c69dd610,0x00000000c8a80000)
 Metaspace       used 9440K, capacity 9614K, committed 9728K, reserved 1058816K
  class space    used 1151K, capacity 1221K, committed 1280K, reserved 1048576K
}

Deoptimization events (8 events):
Event: 0.468 Thread 0x00000000000fd800 Uncommon trap: reason=null_check action=make_not_entrant pc=0x0000000002883e4c method=java.lang.String.equals(Ljava/lang/Object;)Z @ 8
Event: 0.640 Thread 0x0000000016595800 Uncommon trap: reason=class_check action=maybe_recompile pc=0x000000000289b298 method=java.lang.String.equals(Ljava/lang/Object;)Z @ 8
Event: 0.659 Thread 0x0000000016595800 Uncommon trap: reason=unstable_if action=reinterpret pc=0x00000000028d46f4 method=sun.awt.image.PNGImageDecoder.update_crc(I[BII)I @ 7
Event: 1.168 Thread 0x0000000016595800 Uncommon trap: reason=unstable_if action=reinterpret pc=0x0000000002903bd4 method=sun.awt.image.PNGImageDecoder.produceImage()V @ 867
Event: 28.676 Thread 0x0000000016598000 Uncommon trap: reason=unstable_if action=reinterpret pc=0x0000000002a95024 method=Ventana$MiRunnable.run()V @ 148
Event: 28.996 Thread 0x0000000016598000 Uncommon trap: reason=unstable_if action=reinterpret pc=0x0000000002acb174 method=Mario.descenso(LMario;)V @ 23
Event: 29.564 Thread 0x0000000016598000 Uncommon trap: reason=unstable_if action=reinterpret pc=0x0000000002ae8b2c method=Ventana$MiRunnable.run()V @ 131
Event: 30.471 Thread 0x0000000016598000 Uncommon trap: reason=unstable_if action=reinterpret pc=0x0000000002ace398 method=Mario.descenso(LMario;)V @ 23

Internal exceptions (10 events):
Event: 0.170 Thread 0x00000000000fd800 Exception <a 'java/lang/NoSuchMethodError': Method sun.misc.Unsafe.prefetchRead(Ljava/lang/Object;J)V name or signature does not match> (0x00000000eb60d4b0) thrown at [C:\re\workspace\8-2-build-windows-amd64-cygwin\jdk8u60\4407\hotspot\src\share\vm\prims\jE%­ðh!Ð?
Event: 0.252 Thread 0x00000000000fd800 Exception <a 'java/security/PrivilegedActionException'> (0x00000000eb6d29e0) thrown at [C:\re\workspace\8-2-build-windows-amd64-cygwin\jdk8u60\4407\hotspot\src\share\vm\prims\jvm.cpp, line 1386]
Event: 0.252 Thread 0x00000000000fd800 Exception <a 'java/security/PrivilegedActionException'> (0x00000000eb6d2bf0) thrown at [C:\re\workspace\8-2-build-windows-amd64-cygwin\jdk8u60\4407\hotspot\src\share\vm\prims\jvm.cpp, line 1386]
Event: 0.253 Thread 0x00000000000fd800 Exception <a 'java/security/PrivilegedActionException'> (0x00000000eb6d6798) thrown at [C:\re\workspace\8-2-build-windows-amd64-cygwin\jdk8u60\4407\hotspot\src\share\vm\prims\jvm.cpp, line 1386]
Event: 0.253 Thread 0x00000000000fd800 Exception <a 'java/security/PrivilegedActionException'> (0x00000000eb6d69a8) thrown at [C:\re\workspace\8-2-build-windows-amd64-cygwin\jdk8u60\4407\hotspot\src\share\vm\prims\jvm.cpp, line 1386]
Event: 0.258 Thread 0x00000000000fd800 Exception <a 'java/io/FileNotFoundException'> (0x00000000eb6d9a90) thrown at [C:\re\workspace\8-2-build-windows-amd64-cygwin\jdk8u60\4407\hotspot\src\share\vm\prims\jni.cpp, line 709]
Event: 0.331 Thread 0x00000000000fd800 Exception <a 'java/lang/NoSuchFieldError': method resolution failed> (0x00000000eb7f7a50) thrown at [C:\re\workspace\8-2-build-windows-amd64-cygwin\jdk8u60\4407\hotspot\src\share\vm\prims\methodHandles.cpp, line 1146]
Event: 0.338 Thread 0x00000000000fd800 Exception <a 'java/lang/NoSuchFieldError': method resolution failed> (0x00000000eb804e20) thrown at [C:\re\workspace\8-2-build-windows-amd64-cygwin\jdk8u60\4407\hotspot\src\share\vm\prims\methodHandles.cpp, line 1146]
Event: 0.397 Thread 0x00000000000fd800 Exception <a 'java/io/FileNotFoundException'> (0x00000000eb89aa90) thrown at [C:\re\workspace\8-2-build-windows-amd64-cygwin\jdk8u60\4407\hotspot\src\share\vm\prims\jni.cpp, line 709]
Event: 0.468 Thread 0x00000000000fd800 Implicit null exception at 0x0000000002883c8b to 0x0000000002883e3d

Events (10 events):
Event: 30.471 Thread 0x0000000016598000 DEOPT PACKING pc=0x0000000002ace398 sp=0x0000000024cbf650
Event: 30.471 Thread 0x0000000016598000 DEOPT UNPACKING pc=0x000000000274582a sp=0x0000000024cbf638 mode 2
Event: 31.687 Executing VM operation: RevokeBias
Event: 31.687 Executing VM operation: RevokeBias done
Event: 33.235 Thread 0x0000000016578800 DEOPT PACKING pc=0x00000000029e1a2e sp=0x000000001900de60
Event: 33.235 Thread 0x0000000016578800 DEOPT UNPACKING pc=0x000000000274747f sp=0x000000001900db78 mode 0
Event: 34.550 Thread 0x0000000016598000 DEOPT PACKING pc=0x0000000002b54f6e sp=0x0000000024cbf5a0
Event: 34.550 Thread 0x0000000016598000 DEOPT UNPACKING pc=0x000000000274747f sp=0x0000000024cbf410 mode 0
Event: 34.691 Thread 0x0000000016598000 DEOPT PACKING pc=0x0000000002b6e9f6 sp=0x0000000024cbf570
Event: 34.691 Thread 0x0000000016598000 DEOPT UNPACKING pc=0x000000000274747f sp=0x0000000024cbf2e8 mode 0


Dynamic libraries:
0x000000013f070000 - 0x000000013f0a7000 	C:\Program Files\Java\jre1.8.0_60\bin\javaw.exe
0x0000000077a10000 - 0x0000000077bb9000 	C:\Windows\SYSTEM32\ntdll.dll
0x00000000778f0000 - 0x0000000077a10000 	C:\Windows\system32\kernel32.dll
0x000007fefd9b0000 - 0x000007fefda1c000 	C:\Windows\system32\KERNELBASE.dll
0x000007feff500000 - 0x000007feff5db000 	C:\Windows\system32\ADVAPI32.dll
0x000007fefdc80000 - 0x000007fefdd1f000 	C:\Windows\system32\msvcrt.dll
0x000007feff2b0000 - 0x000007feff2cf000 	C:\Windows\SYSTEM32\sechost.dll
0x000007feff3d0000 - 0x000007feff4fd000 	C:\Windows\system32\RPCRT4.dll
0x00000000777f0000 - 0x00000000778ea000 	C:\Windows\system32\USER32.dll
0x000007feff610000 - 0x000007feff677000 	C:\Windows\system32\GDI32.dll
0x000007feffbc0000 - 0x000007feffbce000 	C:\Windows\system32\LPK.dll
0x000007feff1e0000 - 0x000007feff2a9000 	C:\Windows\system32\USP10.dll
0x000007fefbc50000 - 0x000007fefbe44000 	C:\Windows\WinSxS\amd64_microsoft.windows.common-controls_6595b64144ccf1df_6.0.7601.18837_none_fa3b1e3d17594757\COMCTL32.dll
0x000007fefe170000 - 0x000007fefe1e1000 	C:\Windows\system32\SHLWAPI.dll
0x000007feff5e0000 - 0x000007feff60e000 	C:\Windows\system32\IMM32.DLL
0x000007fefdb70000 - 0x000007fefdc79000 	C:\Windows\system32\MSCTF.dll
0x000000005ca10000 - 0x000000005cae2000 	C:\Program Files\Java\jre1.8.0_60\bin\msvcr100.dll
0x00000000505b0000 - 0x0000000050e39000 	C:\Program Files\Java\jre1.8.0_60\bin\server\jvm.dll
0x000007fef0030000 - 0x000007fef0039000 	C:\Windows\system32\WSOCK32.dll
0x000007fefef80000 - 0x000007fefefcd000 	C:\Windows\system32\WS2_32.dll
0x000007feffc70000 - 0x000007feffc78000 	C:\Windows\system32\NSI.dll
0x000007fefa950000 - 0x000007fefa98b000 	C:\Windows\system32\WINMM.dll
0x000007fefc830000 - 0x000007fefc83c000 	C:\Windows\system32\VERSION.dll
0x0000000077bd0000 - 0x0000000077bd7000 	C:\Windows\system32\PSAPI.DLL
0x00000000746c0000 - 0x00000000746cf000 	C:\Program Files\Java\jre1.8.0_60\bin\verify.dll
0x0000000071200000 - 0x0000000071229000 	C:\Program Files\Java\jre1.8.0_60\bin\java.dll
0x00000000711a0000 - 0x00000000711b6000 	C:\Program Files\Java\jre1.8.0_60\bin\zip.dll
0x000007fefe1f0000 - 0x000007fefef79000 	C:\Windows\system32\SHELL32.dll
0x000007fefefd0000 - 0x000007feff1d3000 	C:\Windows\system32\ole32.dll
0x000007fefd7b0000 - 0x000007fefd7bf000 	C:\Windows\system32\profapi.dll
0x000000005c870000 - 0x000000005ca08000 	C:\Program Files\Java\jre1.8.0_60\bin\awt.dll
0x000007fefdd20000 - 0x000007fefddf7000 	C:\Windows\system32\OLEAUT32.dll
0x000007fefb7e0000 - 0x000007fefb7f8000 	C:\Windows\system32\DWMAPI.DLL
0x000007fefbbc0000 - 0x000007fefbc16000 	C:\Windows\system32\uxtheme.dll
0x000007fefd650000 - 0x000007fefd65f000 	C:\Windows\system32\CRYPTBASE.dll
0x000007feed870000 - 0x000007feeda6f000 	C:\Windows\system32\d3d9.dll
0x000007fef5230000 - 0x000007fef5237000 	C:\Windows\system32\d3d8thk.dll
0x000007feee7f0000 - 0x000007feef890000 	C:\Windows\system32\nvd3dumx.dll
0x0000000180000000 - 0x0000000180134000 	C:\Windows\system32\nvspcap64.dll
0x000007fefd7f0000 - 0x000007fefd95d000 	C:\Windows\system32\CRYPT32.dll
0x000007fefd7c0000 - 0x000007fefd7cf000 	C:\Windows\system32\MSASN1.dll
0x000007fefa620000 - 0x000007fefa93d000 	C:\Windows\system32\nvapi64.dll
0x000007fefdf90000 - 0x000007fefe167000 	C:\Windows\system32\SETUPAPI.dll
0x000007fefda20000 - 0x000007fefda56000 	C:\Windows\system32\CFGMGR32.dll
0x000007fefdb50000 - 0x000007fefdb6a000 	C:\Windows\system32\DEVOBJ.dll
0x000007fefc400000 - 0x000007fefc42c000 	C:\Windows\system32\powrprof.dll
0x000007fee7600000 - 0x000007fee7767000 	C:\Program Files (x86)\NVIDIA Corporation\3D Vision\nvSCPAPI64.dll
0x000000005f920000 - 0x000000005f967000 	C:\Program Files\Java\jre1.8.0_60\bin\fontmanager.dll
0x000000005f8e0000 - 0x000000005f911000 	C:\Program Files\Java\jre1.8.0_60\bin\jpeg.dll

VM Arguments:
jvm_args: -Dfile.encoding=Cp1252 
java_command: Ventana
java_class_path (initial): C:\Users\Mª Asuncion\git\MarioBros-Proyecto\MarioBros-Proyecto\MarioBross\bin
Launcher Type: SUN_STANDARD

Environment Variables:
PATH=C:/Program Files/Java/jre1.8.0_60/bin/server;C:/Program Files/Java/jre1.8.0_60/bin;C:/Program Files/Java/jre1.8.0_60/lib/amd64;C:\ProgramData\Oracle\Java\javapath;C:\Windows\system32;C:\Windows;C:\Windows\system32\wbem;C:\Program Files (x86)\NVIDIA Corporation\PhysX\Common;C:\Program Files\Common Files\Microsoft Shared\Windows Live;C:\Program Files (x86)\Common Files\Microsoft Shared\Windows Live;C:\Windows\System32\WindowsPowerShell\v1.0;C:\Program Files\Intel\DMIX;C:\Program Files (x86)\Common Files\DivX Shared;C:\Program Files (x86)\Windows Live\Shared;C:\Program Files (x86)\Skype\Phone\;C:\Users\Mª Asuncion\Desktop;
USERNAME=Mª Asuncion
OS=Windows_NT
PROCESSOR_IDENTIFIER=Intel64 Family 6 Model 37 Stepping 5, GenuineIntel



---------------  S Y S T E M  ---------------

OS: Windows 7 , 64 bit Build 7601 (6.1.7601.19045)

CPU:total 2 (2 cores per cpu, 2 threads per core) family 6 model 37 stepping 5, cmov, cx8, fxsr, mmx, sse, sse2, sse3, ssse3, sse4.1, sse4.2, popcnt, ht, tsc, tscinvbit

Memory: 4k page, physical 4052376k(437164k free), swap 16207668k(7024k free)

vm_info: Java HotSpot(TM) 64-Bit Server VM (25.60-b23) for windows-amd64 JRE (1.8.0_60-b27), built on Aug  4 2015 11:06:27 by "java_re" with MS VC++ 10.0 (VS2010)

time: Sun Nov 13 17:26:04 2016
elapsed time: 40 seconds (0d 0h 0m 40s)

