#
# A fatal error has been detected by the Java Runtime Environment:
#
#  EXCEPTION_ACCESS_VIOLATION (0xc0000005) at pc=0x000007fee885ba75, pid=5128, tid=6496
#
# JRE version: Java(TM) SE Runtime Environment (8.0_60-b27) (build 1.8.0_60-b27)
# Java VM: Java HotSpot(TM) 64-Bit Server VM (25.60-b23 mixed mode windows-amd64 compressed oops)
# Problematic frame:
# C  [nvd3dumx.dll+0x88ba75]
#
# Failed to write core dump. Minidumps are not enabled by default on client versions of Windows
#
# If you would like to submit a bug report, please visit:
#   http://bugreport.java.com/bugreport/crash.jsp
# The crash happened outside the Java Virtual Machine in native code.
# See problematic frame for where to report the bug.
#

---------------  T H R E A D  ---------------

Current thread (0x00000000560b4800):  JavaThread "AWT-Windows" daemon [_thread_in_native, id=6496, stack(0x0000000056b90000,0x0000000056c90000)]

siginfo: ExceptionCode=0xc0000005, reading address 0x000000000000adb0

Registers:
RAX=0x0000000000000040, RBX=0x0000000000457800, RCX=0xffffffffffffffff, RDX=0x0000000000000000
RSP=0x0000000056c8c6f0, RBP=0x0000000056c8c749, RSI=0x000000007787cd04, RDI=0x000000008007000e
R8 =0x0000000000000008, R9 =0x000000000042a070, R10=0x0000000000412ac0, R11=0x0000000056c8c5e2
R12=0x0000000000000000, R13=0x000000000044d190, R14=0x0000000000429158, R15=0x0000000056c8c960
RIP=0x000007fee885ba75, EFLAGS=0x0000000000010202

Top of Stack: (sp=0x0000000056c8c6f0)
0x0000000056c8c6f0:   0000000000457800 000000007786646c
0x0000000056c8c700:   000000007787cd04 00000000568d2a90
0x0000000056c8c710:   6f646e69575c3a43 65747379735c7377
0x0000000056c8c720:   7073766e5c32336d 6c642e3436706163
0x0000000056c8c730:   000007fee8fc006c 0000000000000000
0x0000000056c8c740:   0000000000000000 0000000000000000
0x0000000056c8c750:   0000000000000000 000007fee8682707
0x0000000056c8c760:   000000000044d190 000000000044ea28
0x0000000056c8c770:   0000000000000000 000000000044ea28
0x0000000056c8c780:   0000000000000010 0000000056c8c960
0x0000000056c8c790:   000000000044d190 0000000000429158
0x0000000056c8c7a0:   0000000056c8c819 000007fee883231a
0x0000000056c8c7b0:   00000000568d2a90 0000000000000000
0x0000000056c8c7c0:   0000000056c8c880 0000000000000000
0x0000000056c8c7d0:   0000000000c8c9e8 0000000056c8c880
0x0000000056c8c7e0:   0000000000000010 000007fee8850303 

Instructions: (pc=0x000007fee885ba75)
0x000007fee885ba55:   58 00 00 00 41 b8 08 00 00 00 4c 8b 34 d1 48 c7
0x000007fee885ba65:   c1 ff ff ff ff b8 40 00 00 00 4d 03 f0 4d 8b 26
0x000007fee885ba75:   41 8b b4 24 b0 ad 00 00 48 f7 e6 8d 51 11 48 0f
0x000007fee885ba85:   40 c1 48 83 c0 08 48 0f 42 c1 48 8b c8 e8 91 e7 


Register to memory mapping:

RAX=0x0000000000000040 is an unknown value
RBX=0x0000000000457800 is an unknown value
RCX=0xffffffffffffffff is an unknown value
RDX=0x0000000000000000 is an unknown value
RSP=0x0000000056c8c6f0 is pointing into the stack for thread: 0x00000000560b4800
RBP=0x0000000056c8c749 is pointing into the stack for thread: 0x00000000560b4800
RSI=0x000000007787cd04 is an unknown value
RDI=0x000000008007000e is an unknown value
R8 =0x0000000000000008 is an unknown value
R9 =0x000000000042a070 is an unknown value
R10=0x0000000000412ac0 is an unknown value
R11=0x0000000056c8c5e2 is pointing into the stack for thread: 0x00000000560b4800
R12=0x0000000000000000 is an unknown value
R13=0x000000000044d190 is an unknown value
R14=0x0000000000429158 is an unknown value
R15=0x0000000056c8c960 is pointing into the stack for thread: 0x00000000560b4800


Stack: [0x0000000056b90000,0x0000000056c90000],  sp=0x0000000056c8c6f0,  free space=1009k
Native frames: (J=compiled Java code, j=interpreted, Vv=VM code, C=native code)
C  [nvd3dumx.dll+0x88ba75]

Java frames: (J=compiled Java code, j=interpreted, Vv=VM code)
j  sun.java2d.d3d.D3DGraphicsDevice.getDeviceCapsNative(I)I+0
j  sun.java2d.d3d.D3DGraphicsDevice.access$000(I)I+1
j  sun.java2d.d3d.D3DGraphicsDevice$1.run()V+8
v  ~StubRoutines::call_stub
j  sun.awt.windows.WToolkit.eventLoop()V+0
j  sun.awt.windows.WToolkit.run()V+58
j  java.lang.Thread.run()V+11
v  ~StubRoutines::call_stub

---------------  P R O C E S S  ---------------

Java Threads: ( => current thread )
=>0x00000000560b4800 JavaThread "AWT-Windows" daemon [_thread_in_native, id=6496, stack(0x0000000056b90000,0x0000000056c90000)]
  0x00000000560b4000 JavaThread "AWT-Shutdown" [_thread_blocked, id=6404, stack(0x0000000056a20000,0x0000000056b20000)]
  0x00000000560b3000 JavaThread "Java2D Disposer" daemon [_thread_blocked, id=8080, stack(0x0000000055d40000,0x0000000055e40000)]
  0x00000000560b2800 JavaThread "Service Thread" daemon [_thread_blocked, id=7000, stack(0x0000000056560000,0x0000000056660000)]
  0x0000000054af6000 JavaThread "C1 CompilerThread1" daemon [_thread_blocked, id=7024, stack(0x0000000055f80000,0x0000000056080000)]
  0x0000000054ada800 JavaThread "C2 CompilerThread0" daemon [_thread_blocked, id=6732, stack(0x0000000055e50000,0x0000000055f50000)]
  0x0000000054ad8800 JavaThread "Attach Listener" daemon [_thread_blocked, id=7716, stack(0x0000000055bf0000,0x0000000055cf0000)]
  0x0000000054ad7000 JavaThread "Signal Dispatcher" daemon [_thread_blocked, id=7076, stack(0x0000000055a10000,0x0000000055b10000)]
  0x0000000054a7d800 JavaThread "Finalizer" daemon [_thread_blocked, id=3556, stack(0x00000000558f0000,0x00000000559f0000)]
  0x0000000054a74800 JavaThread "Reference Handler" daemon [_thread_blocked, id=4840, stack(0x00000000556a0000,0x00000000557a0000)]
  0x00000000023dd800 JavaThread "main" [_thread_in_native, id=7732, stack(0x0000000002230000,0x0000000002330000)]

Other Threads:
  0x0000000054a6c800 VMThread [stack: 0x00000000554d0000,0x00000000555d0000] [id=1268]
  0x00000000560c8800 WatcherThread [stack: 0x00000000567d0000,0x00000000568d0000] [id=3672]

VM state:not at safepoint (normal execution)

VM Mutex/Monitor currently owned by a thread: None

Heap:
 PSYoungGen      total 18432K, used 3176K [0x00000000eb600000, 0x00000000eca80000, 0x0000000100000000)
  eden space 15872K, 20% used [0x00000000eb600000,0x00000000eb91a220,0x00000000ec580000)
  from space 2560K, 0% used [0x00000000ec800000,0x00000000ec800000,0x00000000eca80000)
  to   space 2560K, 0% used [0x00000000ec580000,0x00000000ec580000,0x00000000ec800000)
 ParOldGen       total 42496K, used 0K [0x00000000c2200000, 0x00000000c4b80000, 0x00000000eb600000)
  object space 42496K, 0% used [0x00000000c2200000,0x00000000c2200000,0x00000000c4b80000)
 Metaspace       used 5250K, capacity 5400K, committed 5632K, reserved 1056768K
  class space    used 615K, capacity 697K, committed 768K, reserved 1048576K

Card table byte_map: [0x0000000011a70000,0x0000000011c60000] byte_map_base: 0x000000001145f000

Marking Bits: (ParMarkBitMap*) 0x000000005deea5b0
 Begin Bits: [0x0000000012060000, 0x0000000012fd8000)
 End Bits:   [0x0000000012fd8000, 0x0000000013f50000)

Polling page: 0x0000000000120000

CodeCache: size=245760Kb used=1547Kb max_used=1547Kb free=244212Kb
 bounds [0x00000000026b0000, 0x0000000002920000, 0x00000000116b0000]
 total_blobs=555 nmethods=231 adapters=238
 compilation: enabled

Compilation events (10 events):
Event: 0.734 Thread 0x0000000054af6000  226       3       java.util.HashMap::put (13 bytes)
Event: 0.734 Thread 0x0000000054af6000 nmethod 226 0x000000000282b0d0 code [0x000000000282b260, 0x000000000282b618]
Event: 0.734 Thread 0x0000000054af6000  227       3       java.util.HashMap$Node::<init> (26 bytes)
Event: 0.734 Thread 0x0000000054af6000 nmethod 227 0x000000000282b990 code [0x000000000282bae0, 0x000000000282bcd0]
Event: 0.747 Thread 0x0000000054af6000  228       3       jdk.internal.org.objectweb.asm.ByteVector::enlarge (51 bytes)
Event: 0.747 Thread 0x0000000054af6000 nmethod 228 0x0000000002832190 code [0x0000000002832300, 0x0000000002832628]
Event: 0.749 Thread 0x0000000054af6000  229       1       java.lang.invoke.MethodTypeForm::basicType (5 bytes)
Event: 0.749 Thread 0x0000000054af6000 nmethod 229 0x0000000002832710 code [0x0000000002832860, 0x0000000002832970]
Event: 0.753 Thread 0x0000000054af6000  231       3       jdk.internal.org.objectweb.asm.ClassWriter::put122 (15 bytes)
Event: 0.753 Thread 0x0000000054af6000 nmethod 231 0x0000000002832b50 code [0x0000000002832cc0, 0x0000000002832eb8]

GC Heap History (0 events):
No events

Deoptimization events (0 events):
No events

Internal exceptions (10 events):
Event: 0.035 Thread 0x00000000023dd800 Exception <a 'java/lang/NoSuchMethodError': Method sun.misc.Unsafe.defineClass(Ljava/lang/String;[BII)Ljava/lang/Class; name or signature does not match> (0x00000000eb60d0f0) thrown at [C:\re\workspace\8-2-build-windows-amd64-cygwin\jdk8u60\4407\hotspot\sr†´Ååƒ°?
Event: 0.035 Thread 0x00000000023dd800 Exception <a 'java/lang/NoSuchMethodError': Method sun.misc.Unsafe.prefetchRead(Ljava/lang/Object;J)V name or signature does not match> (0x00000000eb60d3d8) thrown at [C:\re\workspace\8-2-build-windows-amd64-cygwin\jdk8u60\4407\hotspot\src\share\vm\prims\jˆ–q-sJª?
Event: 0.107 Thread 0x00000000023dd800 Exception <a 'java/security/PrivilegedActionException'> (0x00000000eb6d2df0) thrown at [C:\re\workspace\8-2-build-windows-amd64-cygwin\jdk8u60\4407\hotspot\src\share\vm\prims\jvm.cpp, line 1386]
Event: 0.107 Thread 0x00000000023dd800 Exception <a 'java/security/PrivilegedActionException'> (0x00000000eb6d3000) thrown at [C:\re\workspace\8-2-build-windows-amd64-cygwin\jdk8u60\4407\hotspot\src\share\vm\prims\jvm.cpp, line 1386]
Event: 0.108 Thread 0x00000000023dd800 Exception <a 'java/security/PrivilegedActionException'> (0x00000000eb6d6ba8) thrown at [C:\re\workspace\8-2-build-windows-amd64-cygwin\jdk8u60\4407\hotspot\src\share\vm\prims\jvm.cpp, line 1386]
Event: 0.108 Thread 0x00000000023dd800 Exception <a 'java/security/PrivilegedActionException'> (0x00000000eb6d6db8) thrown at [C:\re\workspace\8-2-build-windows-amd64-cygwin\jdk8u60\4407\hotspot\src\share\vm\prims\jvm.cpp, line 1386]
Event: 0.635 Thread 0x00000000023dd800 Exception <a 'java/io/FileNotFoundException'> (0x00000000eb6d9e88) thrown at [C:\re\workspace\8-2-build-windows-amd64-cygwin\jdk8u60\4407\hotspot\src\share\vm\prims\jni.cpp, line 709]
Event: 0.685 Thread 0x00000000023dd800 Exception <a 'java/lang/NoSuchFieldError': method resolution failed> (0x00000000eb7f7af0) thrown at [C:\re\workspace\8-2-build-windows-amd64-cygwin\jdk8u60\4407\hotspot\src\share\vm\prims\methodHandles.cpp, line 1146]
Event: 0.699 Thread 0x00000000023dd800 Exception <a 'java/lang/NoSuchFieldError': method resolution failed> (0x00000000eb805198) thrown at [C:\re\workspace\8-2-build-windows-amd64-cygwin\jdk8u60\4407\hotspot\src\share\vm\prims\methodHandles.cpp, line 1146]
Event: 0.745 Thread 0x00000000023dd800 Exception <a 'java/io/FileNotFoundException'> (0x00000000eb89ac78) thrown at [C:\re\workspace\8-2-build-windows-amd64-cygwin\jdk8u60\4407\hotspot\src\share\vm\prims\jni.cpp, line 709]

Events (10 events):
Event: 0.768 loading class sun/java2d/pipe/RenderQueue done
Event: 0.768 loading class sun/java2d/d3d/D3DRenderQueue done
Event: 0.769 loading class sun/java2d/pipe/RenderBuffer
Event: 0.769 loading class sun/java2d/pipe/RenderBuffer done
Event: 0.769 loading class sun/java2d/d3d/D3DRenderQueue$1
Event: 0.769 loading class sun/java2d/d3d/D3DRenderQueue$1 done
Event: 0.769 loading class sun/java2d/d3d/D3DGraphicsDevice$1Result
Event: 0.769 loading class sun/java2d/d3d/D3DGraphicsDevice$1Result done
Event: 0.769 loading class sun/java2d/d3d/D3DGraphicsDevice$1
Event: 0.769 loading class sun/java2d/d3d/D3DGraphicsDevice$1 done


Dynamic libraries:
0x000000013fdf0000 - 0x000000013fe27000 	C:\Program Files\Java\jre1.8.0_60\bin\javaw.exe
0x0000000077960000 - 0x0000000077b0a000 	C:\Windows\SYSTEM32\ntdll.dll
0x0000000077740000 - 0x000000007785f000 	C:\Windows\system32\kernel32.dll
0x000007fefd9d0000 - 0x000007fefda3a000 	C:\Windows\system32\KERNELBASE.dll
0x000007fefe020000 - 0x000007fefe0fb000 	C:\Windows\system32\ADVAPI32.dll
0x000007fefdd10000 - 0x000007fefddaf000 	C:\Windows\system32\msvcrt.dll
0x000007fefda50000 - 0x000007fefda6f000 	C:\Windows\SYSTEM32\sechost.dll
0x000007feffb40000 - 0x000007feffc6d000 	C:\Windows\system32\RPCRT4.dll
0x0000000077860000 - 0x000000007795a000 	C:\Windows\system32\USER32.dll
0x000007feff450000 - 0x000007feff4b7000 	C:\Windows\system32\GDI32.dll
0x000007feffb30000 - 0x000007feffb3e000 	C:\Windows\system32\LPK.dll
0x000007feff300000 - 0x000007feff3ca000 	C:\Windows\system32\USP10.dll
0x000007fefbd80000 - 0x000007fefbf74000 	C:\Windows\WinSxS\amd64_microsoft.windows.common-controls_6595b64144ccf1df_6.0.7601.18837_none_fa3b1e3d17594757\COMCTL32.dll
0x000007feff3d0000 - 0x000007feff441000 	C:\Windows\system32\SHLWAPI.dll
0x000007fefdcc0000 - 0x000007fefdcee000 	C:\Windows\system32\IMM32.DLL
0x000007feff6a0000 - 0x000007feff7a9000 	C:\Windows\system32\MSCTF.dll
0x000000005e160000 - 0x000000005e232000 	C:\Program Files\Java\jre1.8.0_60\bin\msvcr100.dll
0x000000005d6e0000 - 0x000000005df69000 	C:\Program Files\Java\jre1.8.0_60\bin\server\jvm.dll
0x000007fefc4f0000 - 0x000007fefc4f9000 	C:\Windows\system32\WSOCK32.dll
0x000007fefdbd0000 - 0x000007fefdc1d000 	C:\Windows\system32\WS2_32.dll
0x000007feffb20000 - 0x000007feffb28000 	C:\Windows\system32\NSI.dll
0x000007fefab30000 - 0x000007fefab6b000 	C:\Windows\system32\WINMM.dll
0x000007fefc700000 - 0x000007fefc70c000 	C:\Windows\system32\VERSION.dll
0x0000000077b20000 - 0x0000000077b27000 	C:\Windows\system32\PSAPI.DLL
0x00000000715d0000 - 0x00000000715df000 	C:\Program Files\Java\jre1.8.0_60\bin\verify.dll
0x00000000715a0000 - 0x00000000715c9000 	C:\Program Files\Java\jre1.8.0_60\bin\java.dll
0x0000000071580000 - 0x0000000071596000 	C:\Program Files\Java\jre1.8.0_60\bin\zip.dll
0x000007fefe100000 - 0x000007fefee89000 	C:\Windows\system32\SHELL32.dll
0x000007fefde10000 - 0x000007fefe013000 	C:\Windows\system32\ole32.dll
0x000007fefd6a0000 - 0x000007fefd6af000 	C:\Windows\system32\profapi.dll
0x000000005dfc0000 - 0x000000005e158000 	C:\Program Files\Java\jre1.8.0_60\bin\awt.dll
0x000007fefda70000 - 0x000007fefdb4a000 	C:\Windows\system32\OLEAUT32.dll
0x000007fefb1f0000 - 0x000007fefb208000 	C:\Windows\system32\DWMAPI.DLL
0x000007fefd530000 - 0x000007fefd53f000 	C:\Windows\system32\CRYPTBASE.dll
0x000007feeedd0000 - 0x000007feeefcf000 	C:\Windows\system32\d3d9.dll
0x000007fef4f00000 - 0x000007fef4f07000 	C:\Windows\system32\d3d8thk.dll
0x000007fee7fd0000 - 0x000007fee9068000 	C:\Windows\system32\nvd3dumx.dll
0x000007fef28e0000 - 0x000007fef2aac000 	C:\Windows\system32\nvspcap64.dll
0x000007feff4c0000 - 0x000007feff697000 	C:\Windows\system32\SETUPAPI.dll
0x000007fefd6b0000 - 0x000007fefd6e6000 	C:\Windows\system32\CFGMGR32.dll
0x000007fefd940000 - 0x000007fefd95a000 	C:\Windows\system32\DEVOBJ.dll
0x000007fef5ad0000 - 0x000007fef5b41000 	C:\Windows\system32\WINHTTP.dll
0x000007fef7b60000 - 0x000007fef7bc4000 	C:\Windows\system32\webio.dll
0x000007fefc770000 - 0x000007fefc781000 	C:\Windows\system32\WTSAPI32.dll
0x000007fefadf0000 - 0x000007fefb1e2000 	C:\Windows\system32\nvapi64.dll
0x000007fef5120000 - 0x000007fef5245000 	C:\Windows\system32\dbghelp.dll

VM Arguments:
jvm_args: -Dfile.encoding=Cp1252 
java_command: Ventana
java_class_path (initial): C:\Users\M™ Asuncion\git\MarioBros-Proyecto5\MarioBross\bin
Launcher Type: SUN_STANDARD

Environment Variables:
PATH=C:/Program Files/Java/jre1.8.0_60/bin/server;C:/Program Files/Java/jre1.8.0_60/bin;C:/Program Files/Java/jre1.8.0_60/lib/amd64;C:\ProgramData\Oracle\Java\javapath;C:\Windows\system32;C:\Windows;C:\Windows\system32\wbem;C:\Program Files\Common Files\Microsoft Shared\Windows Live;C:\Program Files (x86)\Common Files\Microsoft Shared\Windows Live;C:\Windows\System32\WindowsPowerShell\v1.0;C:\Program Files\Intel\DMIX;C:\Program Files (x86)\Common Files\DivX Shared;C:\Program Files (x86)\Windows Live\Shared;C:\Program Files (x86)\Skype\Phone\;C:\Program Files (x86)\NVIDIA Corporation\PhysX\Common;C:\Users\M™ Asuncion\Desktop;
USERNAME=M™ Asuncion
OS=Windows_NT
PROCESSOR_IDENTIFIER=Intel64 Family 6 Model 37 Stepping 5, GenuineIntel



---------------  S Y S T E M  ---------------

OS: Windows 7 , 64 bit Build 7601 (6.1.7601.23572)

CPU:total 2 (2 cores per cpu, 2 threads per core) family 6 model 37 stepping 5, cmov, cx8, fxsr, mmx, sse, sse2, sse3, ssse3, sse4.1, sse4.2, popcnt, ht, tsc, tscinvbit

Memory: 4k page, physical 4052376k(639220k free), swap 16207644k(3024k free)

vm_info: Java HotSpot(TM) 64-Bit Server VM (25.60-b23) for windows-amd64 JRE (1.8.0_60-b27), built on Aug  4 2015 11:06:27 by "java_re" with MS VC++ 10.0 (VS2010)

time: Thu Dec 29 13:56:03 2016
elapsed time: 7 seconds (0d 0h 0m 7s)

