#
# There is insufficient memory for the Java Runtime Environment to continue.
# Native memory allocation (malloc) failed to allocate 32744 bytes for ChunkPool::allocate
# Possible reasons:
#   The system is out of physical RAM or swap space
#   In 32 bit mode, the process size limit was hit
# Possible solutions:
#   Reduce memory load on the system
#   Increase physical memory or swap space
#   Check if swap backing store is full
#   Use 64 bit Java on a 64 bit OS
#   Decrease Java heap size (-Xmx/-Xms)
#   Decrease number of Java threads
#   Decrease Java thread stack sizes (-Xss)
#   Set larger code cache with -XX:ReservedCodeCacheSize=
# This output file may be truncated or incomplete.
#
#  Out of Memory Error (allocation.cpp:273), pid=9924, tid=10216
#
# JRE version: Java(TM) SE Runtime Environment (8.0_60-b27) (build 1.8.0_60-b27)
# Java VM: Java HotSpot(TM) 64-Bit Server VM (25.60-b23 mixed mode windows-amd64 compressed oops)
# Failed to write core dump. Minidumps are not enabled by default on client versions of Windows
#

---------------  T H R E A D  ---------------

Current thread (0x0000000054b8f800):  JavaThread "C1 CompilerThread1" daemon [_thread_in_native, id=10216, stack(0x0000000055730000,0x0000000055830000)]

Stack: [0x0000000055730000,0x0000000055830000]
[error occurred during error reporting (printing stack bounds), id 0xc0000005]

Native frames: (J=compiled Java code, j=interpreted, Vv=VM code, C=native code)


Current CompileTask:
C1: 222368 1282       3       java.util.HashMap::resize (359 bytes)


---------------  P R O C E S S  ---------------

Java Threads: ( => current thread )
  0x00000000563e8800 JavaThread "AWT-EventQueue-0" [_thread_blocked, id=10028, stack(0x0000000056b20000,0x0000000056c20000)]
  0x0000000056456000 JavaThread "AWT-Shutdown" [_thread_blocked, id=9948, stack(0x0000000058630000,0x0000000058730000)]
  0x00000000021dd800 JavaThread "DestroyJavaVM" [_thread_blocked, id=9428, stack(0x00000000023d0000,0x00000000024d0000)]
  0x0000000059245800 JavaThread "Thread-3" [_thread_blocked, id=9440, stack(0x0000000067980000,0x0000000067a80000)]
  0x0000000059231800 JavaThread "D3D Screen Updater" daemon [_thread_blocked, id=8892, stack(0x0000000059ab0000,0x0000000059bb0000)]
  0x00000000563eb800 JavaThread "AWT-Windows" daemon [_thread_in_native, id=8968, stack(0x0000000056c50000,0x0000000056d50000)]
  0x00000000563e4000 JavaThread "Java2D Disposer" daemon [_thread_blocked, id=9380, stack(0x0000000056990000,0x0000000056a90000)]
  0x000000005611a800 JavaThread "Service Thread" daemon [_thread_blocked, id=9796, stack(0x00000000564f0000,0x00000000565f0000)]
=>0x0000000054b8f800 JavaThread "C1 CompilerThread1" daemon [_thread_in_native, id=10216, stack(0x0000000055730000,0x0000000055830000)]
  0x0000000054b78800 JavaThread "C2 CompilerThread0" daemon [_thread_blocked, id=8100, stack(0x0000000055fe0000,0x00000000560e0000)]
  0x0000000054b76800 JavaThread "Attach Listener" daemon [_thread_blocked, id=5012, stack(0x0000000055e30000,0x0000000055f30000)]
  0x0000000054b75000 JavaThread "Signal Dispatcher" daemon [_thread_blocked, id=10180, stack(0x0000000055d00000,0x0000000055e00000)]
  0x0000000054b1b800 JavaThread "Finalizer" daemon [_thread_blocked, id=8496, stack(0x0000000055b00000,0x0000000055c00000)]
  0x0000000054b14800 JavaThread "Reference Handler" daemon [_thread_blocked, id=9420, stack(0x00000000558d0000,0x00000000559d0000)]

Other Threads:
  0x0000000054b0d000 VMThread [stack: 0x0000000055630000,0x0000000055730000] [id=9840]
  0x0000000054bdf800 WatcherThread [stack: 0x00000000566a0000,0x00000000567a0000] [id=8624]

VM state:not at safepoint (normal execution)

VM Mutex/Monitor currently owned by a thread: None

Heap:
 PSYoungGen      total 66048K, used 27106K [0x00000000eb600000, 0x00000000ef900000, 0x0000000100000000)
  eden space 63488K, 41% used [0x00000000eb600000,0x00000000ecf77630,0x00000000ef400000)
  from space 2560K, 40% used [0x00000000ef680000,0x00000000ef7813f0,0x00000000ef900000)
  to   space 2560K, 0% used [0x00000000ef400000,0x00000000ef400000,0x00000000ef680000)
 ParOldGen       total 107008K, used 71655K [0x00000000c2200000, 0x00000000c8a80000, 0x00000000eb600000)
  object space 107008K, 66% used [0x00000000c2200000,0x00000000c67f9dc0,0x00000000c8a80000)
 Metaspace       used 10009K, capacity 10178K, committed 10240K, reserved 1058816K
  class space    used 1182K, capacity 1255K, committed 1280K, reserved 1048576K

Card table byte_map: [0x0000000011b60000,0x0000000011d50000] byte_map_base: 0x000000001154f000

Marking Bits: (ParMarkBitMap*) 0x000000005ba8a5b0
 Begin Bits: [0x0000000012100000, 0x0000000013078000)
 End Bits:   [0x0000000013078000, 0x0000000013ff0000)

Polling page: 0x0000000001b70000

CodeCache: size=245760Kb used=5295Kb max_used=5334Kb free=240464Kb
 bounds [0x00000000027a0000, 0x0000000002ce0000, 0x00000000117a0000]
 total_blobs=1738 nmethods=1281 adapters=370
 compilation: enabled

Compilation events (10 events):
Event: 17.381 Thread 0x0000000054b8f800 nmethod 1277 0x0000000002ca5bd0 code [0x0000000002ca5d80, 0x0000000002ca6348]
Event: 17.381 Thread 0x0000000054b8f800 1278       3       java.awt.Component::areInputMethodsEnabled (39 bytes)
Event: 17.381 Thread 0x0000000054b8f800 nmethod 1278 0x0000000002ca5790 code [0x0000000002ca5900, 0x0000000002ca5b70]
Event: 18.190 Thread 0x0000000054b8f800 1279   !   3       javax.swing.RepaintManager::addDirtyRegion0 (205 bytes)
Event: 18.191 Thread 0x0000000054b8f800 nmethod 1279 0x0000000002cb9f50 code [0x0000000002cba220, 0x0000000002cbbd48]
Event: 27.850 Thread 0x0000000054b78800 1280       4       java.awt.Component::repaint (16 bytes)
Event: 27.851 Thread 0x0000000054b78800 nmethod 1280 0x0000000002ca1b90 code [0x0000000002ca1cc0, 0x0000000002ca1d38]
Event: 106.577 Thread 0x0000000054b78800 1281   !   4       javax.swing.RepaintManager::addDirtyRegion0 (205 bytes)
Event: 106.821 Thread 0x0000000054b78800 nmethod 1281 0x0000000002cc7e10 code [0x0000000002cc8460, 0x0000000002ccf4e0]
Event: 221.313 Thread 0x0000000054b8f800 1282       3       java.util.HashMap::resize (359 bytes)

GC Heap History (8 events):
Event: 1.060 GC heap before
{Heap before GC invocations=1 (full 0):
 PSYoungGen      total 18432K, used 15840K [0x00000000eb600000, 0x00000000eca80000, 0x0000000100000000)
  eden space 15872K, 99% used [0x00000000eb600000,0x00000000ec5783a8,0x00000000ec580000)
  from space 2560K, 0% used [0x00000000ec800000,0x00000000ec800000,0x00000000eca80000)
  to   space 2560K, 0% used [0x00000000ec580000,0x00000000ec580000,0x00000000ec800000)
 ParOldGen       total 107008K, used 64119K [0x00000000c2200000, 0x00000000c8a80000, 0x00000000eb600000)
  object space 107008K, 59% used [0x00000000c2200000,0x00000000c609dc10,0x00000000c8a80000)
 Metaspace       used 8886K, capacity 9066K, committed 9216K, reserved 1056768K
  class space    used 1105K, capacity 1189K, committed 1280K, reserved 1048576K
Event: 1.087 GC heap after
Heap after GC invocations=1 (full 0):
 PSYoungGen      total 18432K, used 2549K [0x00000000eb600000, 0x00000000eda00000, 0x0000000100000000)
  eden space 15872K, 0% used [0x00000000eb600000,0x00000000eb600000,0x00000000ec580000)
  from space 2560K, 99% used [0x00000000ec580000,0x00000000ec7fd7c0,0x00000000ec800000)
  to   space 2560K, 0% used [0x00000000ed780000,0x00000000ed780000,0x00000000eda00000)
 ParOldGen       total 107008K, used 65139K [0x00000000c2200000, 0x00000000c8a80000, 0x00000000eb600000)
  object space 107008K, 60% used [0x00000000c2200000,0x00000000c619cc20,0x00000000c8a80000)
 Metaspace       used 8886K, capacity 9066K, committed 9216K, reserved 1056768K
  class space    used 1105K, capacity 1189K, committed 1280K, reserved 1048576K
}
Event: 1.149 GC heap before
{Heap before GC invocations=2 (full 0):
 PSYoungGen      total 18432K, used 18381K [0x00000000eb600000, 0x00000000eda00000, 0x0000000100000000)
  eden space 15872K, 99% used [0x00000000eb600000,0x00000000ec575cf8,0x00000000ec580000)
  from space 2560K, 99% used [0x00000000ec580000,0x00000000ec7fd7c0,0x00000000ec800000)
  to   space 2560K, 0% used [0x00000000ed780000,0x00000000ed780000,0x00000000eda00000)
 ParOldGen       total 107008K, used 65139K [0x00000000c2200000, 0x00000000c8a80000, 0x00000000eb600000)
  object space 107008K, 60% used [0x00000000c2200000,0x00000000c619cc20,0x00000000c8a80000)
 Metaspace       used 8887K, capacity 9066K, committed 9216K, reserved 1056768K
  class space    used 1105K, capacity 1189K, committed 1280K, reserved 1048576K
Event: 1.180 GC heap after
Heap after GC invocations=2 (full 0):
 PSYoungGen      total 34304K, used 2549K [0x00000000eb600000, 0x00000000eda00000, 0x0000000100000000)
  eden space 31744K, 0% used [0x00000000eb600000,0x00000000eb600000,0x00000000ed500000)
  from space 2560K, 99% used [0x00000000ed780000,0x00000000ed9fd7a0,0x00000000eda00000)
  to   space 2560K, 0% used [0x00000000ed500000,0x00000000ed500000,0x00000000ed780000)
 ParOldGen       total 107008K, used 67077K [0x00000000c2200000, 0x00000000c8a80000, 0x00000000eb600000)
  object space 107008K, 62% used [0x00000000c2200000,0x00000000c6381470,0x00000000c8a80000)
 Metaspace       used 8887K, capacity 9066K, committed 9216K, reserved 1056768K
  class space    used 1105K, capacity 1189K, committed 1280K, reserved 1048576K
}
Event: 1.390 GC heap before
{Heap before GC invocations=3 (full 0):
 PSYoungGen      total 34304K, used 34248K [0x00000000eb600000, 0x00000000eda00000, 0x0000000100000000)
  eden space 31744K, 99% used [0x00000000eb600000,0x00000000ed4f4ad0,0x00000000ed500000)
  from space 2560K, 99% used [0x00000000ed780000,0x00000000ed9fd7a0,0x00000000eda00000)
  to   space 2560K, 0% used [0x00000000ed500000,0x00000000ed500000,0x00000000ed780000)
 ParOldGen       total 107008K, used 67077K [0x00000000c2200000, 0x00000000c8a80000, 0x00000000eb600000)
  object space 107008K, 62% used [0x00000000c2200000,0x00000000c6381470,0x00000000c8a80000)
 Metaspace       used 8887K, capacity 9066K, committed 9216K, reserved 1056768K
  class space    used 1105K, capacity 1189K, committed 1280K, reserved 1048576K
Event: 1.396 GC heap after
Heap after GC invocations=3 (full 0):
 PSYoungGen      total 34304K, used 635K [0x00000000eb600000, 0x00000000ef900000, 0x0000000100000000)
  eden space 31744K, 0% used [0x00000000eb600000,0x00000000eb600000,0x00000000ed500000)
  from space 2560K, 24% used [0x00000000ed500000,0x00000000ed59ef50,0x00000000ed780000)
  to   space 2560K, 0% used [0x00000000ef680000,0x00000000ef680000,0x00000000ef900000)
 ParOldGen       total 107008K, used 67077K [0x00000000c2200000, 0x00000000c8a80000, 0x00000000eb600000)
  object space 107008K, 62% used [0x00000000c2200000,0x00000000c6381470,0x00000000c8a80000)
 Metaspace       used 8887K, capacity 9066K, committed 9216K, reserved 1056768K
  class space    used 1105K, capacity 1189K, committed 1280K, reserved 1048576K
}
Event: 11.510 GC heap before
{Heap before GC invocations=4 (full 0):
 PSYoungGen      total 34304K, used 32379K [0x00000000eb600000, 0x00000000ef900000, 0x0000000100000000)
  eden space 31744K, 100% used [0x00000000eb600000,0x00000000ed500000,0x00000000ed500000)
  from space 2560K, 24% used [0x00000000ed500000,0x00000000ed59ef50,0x00000000ed780000)
  to   space 2560K, 0% used [0x00000000ef680000,0x00000000ef680000,0x00000000ef900000)
 ParOldGen       total 107008K, used 67077K [0x00000000c2200000, 0x00000000c8a80000, 0x00000000eb600000)
  object space 107008K, 62% used [0x00000000c2200000,0x00000000c6381470,0x00000000c8a80000)
 Metaspace       used 9853K, capacity 10046K, committed 10240K, reserved 1058816K
  class space    used 1174K, capacity 1255K, committed 1280K, reserved 1048576K
Event: 11.517 GC heap after
Heap after GC invocations=4 (full 0):
 PSYoungGen      total 66048K, used 1028K [0x00000000eb600000, 0x00000000ef900000, 0x0000000100000000)
  eden space 63488K, 0% used [0x00000000eb600000,0x00000000eb600000,0x00000000ef400000)
  from space 2560K, 40% used [0x00000000ef680000,0x00000000ef7813f0,0x00000000ef900000)
  to   space 2560K, 0% used [0x00000000ef400000,0x00000000ef400000,0x00000000ef680000)
 ParOldGen       total 107008K, used 71655K [0x00000000c2200000, 0x00000000c8a80000, 0x00000000eb600000)
  object space 107008K, 66% used [0x00000000c2200000,0x00000000c67f9dc0,0x00000000c8a80000)
 Metaspace       used 9853K, capacity 10046K, committed 10240K, reserved 1058816K
  class space    used 1174K, capacity 1255K, committed 1280K, reserved 1048576K
}

Deoptimization events (10 events):
Event: 0.374 Thread 0x00000000021dd800 Uncommon trap: reason=null_check action=make_not_entrant pc=0x000000000291e54c method=java.lang.String.equals(Ljava/lang/Object;)Z @ 8
Event: 2.142 Thread 0x0000000056467000 Uncommon trap: reason=unstable_if action=reinterpret pc=0x000000000296bc34 method=sun.awt.image.PNGImageDecoder.update_crc(I[BII)I @ 7
Event: 2.215 Thread 0x0000000056467000 Uncommon trap: reason=unstable_if action=reinterpret pc=0x00000000029a7d44 method=sun.awt.image.PNGImageDecoder.produceImage()V @ 867
Event: 11.856 Thread 0x00000000563eb800 Uncommon trap: reason=unstable_if action=reinterpret pc=0x0000000002b0c6ec method=sun.awt.SunToolkit.getAppContext(Ljava/lang/Object;)Lsun/awt/AppContext; @ 4
Event: 11.856 Thread 0x0000000056456000 Uncommon trap: reason=unstable_if action=reinterpret pc=0x0000000002b5ef48 method=sun.java2d.pipe.BufferedContext.validate(Lsun/java2d/pipe/hw/AccelSurface;Lsun/java2d/pipe/hw/AccelSurface;Lsun/java2d/pipe/Region;Ljava/awt/Composite;Ljava/awt/geom/AffineTr1KùÖ‘p0@
Event: 16.441 Thread 0x00000000563eb800 Uncommon trap: reason=unstable_if action=reinterpret pc=0x0000000002b0a8e0 method=sun.awt.SunToolkit.getAppContext(Ljava/lang/Object;)Lsun/awt/AppContext; @ 4
Event: 17.368 Thread 0x000000005975a800 Uncommon trap: reason=unstable_if action=reinterpret pc=0x0000000002c4077c method=javax.swing.RepaintManager.addDirtyRegion0(Ljava/awt/Container;IIII)V @ 61
Event: 17.370 Thread 0x0000000056456000 Uncommon trap: reason=unstable_if action=reinterpret pc=0x0000000002caf374 method=java.awt.EventQueue.getPriority(Ljava/awt/AWTEvent;)I @ 4
Event: 17.373 Thread 0x0000000056456000 Uncommon trap: reason=unstable_if action=reinterpret pc=0x0000000002bcb4a0 method=sun.awt.AWTAutoShutdown.isReadyToShutdown()Z @ 16
Event: 17.374 Thread 0x00000000563eb800 Uncommon trap: reason=unstable_if action=reinterpret pc=0x0000000002bda398 method=sun.awt.AWTAutoShutdown.isReadyToShutdown()Z @ 16

Internal exceptions (10 events):
Event: 0.038 Thread 0x00000000021dd800 Exception <a 'java/lang/NoSuchMethodError': Method sun.misc.Unsafe.prefetchRead(Ljava/lang/Object;J)V name or signature does not match> (0x00000000eb60d428) thrown at [C:\re\workspace\8-2-build-windows-amd64-cygwin\jdk8u60\4407\hotspot\src\share\vm\prims\jã€/—€∫?
Event: 0.105 Thread 0x00000000021dd800 Exception <a 'java/security/PrivilegedActionException'> (0x00000000eb6d2a40) thrown at [C:\re\workspace\8-2-build-windows-amd64-cygwin\jdk8u60\4407\hotspot\src\share\vm\prims\jvm.cpp, line 1386]
Event: 0.105 Thread 0x00000000021dd800 Exception <a 'java/security/PrivilegedActionException'> (0x00000000eb6d2c50) thrown at [C:\re\workspace\8-2-build-windows-amd64-cygwin\jdk8u60\4407\hotspot\src\share\vm\prims\jvm.cpp, line 1386]
Event: 0.106 Thread 0x00000000021dd800 Exception <a 'java/security/PrivilegedActionException'> (0x00000000eb6d67f8) thrown at [C:\re\workspace\8-2-build-windows-amd64-cygwin\jdk8u60\4407\hotspot\src\share\vm\prims\jvm.cpp, line 1386]
Event: 0.106 Thread 0x00000000021dd800 Exception <a 'java/security/PrivilegedActionException'> (0x00000000eb6d6a08) thrown at [C:\re\workspace\8-2-build-windows-amd64-cygwin\jdk8u60\4407\hotspot\src\share\vm\prims\jvm.cpp, line 1386]
Event: 0.144 Thread 0x00000000021dd800 Exception <a 'java/io/FileNotFoundException'> (0x00000000eb6d9af0) thrown at [C:\re\workspace\8-2-build-windows-amd64-cygwin\jdk8u60\4407\hotspot\src\share\vm\prims\jni.cpp, line 709]
Event: 0.226 Thread 0x00000000021dd800 Exception <a 'java/lang/NoSuchFieldError': method resolution failed> (0x00000000eb7f7a78) thrown at [C:\re\workspace\8-2-build-windows-amd64-cygwin\jdk8u60\4407\hotspot\src\share\vm\prims\methodHandles.cpp, line 1146]
Event: 0.243 Thread 0x00000000021dd800 Exception <a 'java/lang/NoSuchFieldError': method resolution failed> (0x00000000eb804e48) thrown at [C:\re\workspace\8-2-build-windows-amd64-cygwin\jdk8u60\4407\hotspot\src\share\vm\prims\methodHandles.cpp, line 1146]
Event: 0.286 Thread 0x00000000021dd800 Exception <a 'java/io/FileNotFoundException'> (0x00000000eb89ab90) thrown at [C:\re\workspace\8-2-build-windows-amd64-cygwin\jdk8u60\4407\hotspot\src\share\vm\prims\jni.cpp, line 709]
Event: 0.374 Thread 0x00000000021dd800 Implicit null exception at 0x000000000291e38b to 0x000000000291e53d

Events (10 events):
Event: 18.673 Thread 0x00000000563e8800 Thread exited: 0x00000000563e8800
Event: 18.673 Thread 0x0000000056456000 Thread exited: 0x0000000056456000
Event: 219.615 Thread 0x0000000056456000 Thread added: 0x0000000056456000
Event: 220.498 loading class sun/awt/windows/WToolkit$3
Event: 220.886 loading class sun/awt/windows/WToolkit$3 done
Event: 220.886 Thread 0x00000000563e8800 Thread added: 0x00000000563e8800
Event: 220.887 loading class java/util/WeakHashMap$KeyIterator
Event: 221.312 loading class java/util/WeakHashMap$HashIterator
Event: 221.312 loading class java/util/WeakHashMap$HashIterator done
Event: 221.312 loading class java/util/WeakHashMap$KeyIterator done


Dynamic libraries:
0x000000013f870000 - 0x000000013f8a7000 	C:\Program Files\Java\jre1.8.0_60\bin\javaw.exe
0x0000000077ab0000 - 0x0000000077c59000 	C:\Windows\SYSTEM32\ntdll.dll
0x0000000077890000 - 0x00000000779b0000 	C:\Windows\system32\kernel32.dll
0x000007fefd8b0000 - 0x000007fefd91c000 	C:\Windows\system32\KERNELBASE.dll
0x000007fefe030000 - 0x000007fefe10b000 	C:\Windows\system32\ADVAPI32.dll
0x000007fefdc10000 - 0x000007fefdcaf000 	C:\Windows\system32\msvcrt.dll
0x000007fefe3c0000 - 0x000007fefe3df000 	C:\Windows\SYSTEM32\sechost.dll
0x000007fefe290000 - 0x000007fefe3bd000 	C:\Windows\system32\RPCRT4.dll
0x00000000779b0000 - 0x0000000077aaa000 	C:\Windows\system32\USER32.dll
0x000007fefdcb0000 - 0x000007fefdd17000 	C:\Windows\system32\GDI32.dll
0x000007fefe190000 - 0x000007fefe19e000 	C:\Windows\system32\LPK.dll
0x000007fefdf60000 - 0x000007fefe029000 	C:\Windows\system32\USP10.dll
0x000007fefbd10000 - 0x000007fefbf04000 	C:\Windows\WinSxS\amd64_microsoft.windows.common-controls_6595b64144ccf1df_6.0.7601.18837_none_fa3b1e3d17594757\COMCTL32.dll
0x000007feffad0000 - 0x000007feffb41000 	C:\Windows\system32\SHLWAPI.dll
0x000007fefe160000 - 0x000007fefe18e000 	C:\Windows\system32\IMM32.DLL
0x000007feff830000 - 0x000007feff939000 	C:\Windows\system32\MSCTF.dll
0x000000005ad00000 - 0x000000005add2000 	C:\Program Files\Java\jre1.8.0_60\bin\msvcr100.dll
0x000000005b280000 - 0x000000005bb09000 	C:\Program Files\Java\jre1.8.0_60\bin\server\jvm.dll
0x000007fef9740000 - 0x000007fef9749000 	C:\Windows\system32\WSOCK32.dll
0x000007fefe110000 - 0x000007fefe15d000 	C:\Windows\system32\WS2_32.dll
0x000007fefe280000 - 0x000007fefe288000 	C:\Windows\system32\NSI.dll
0x000007fefab10000 - 0x000007fefab4b000 	C:\Windows\system32\WINMM.dll
0x000007fefc8d0000 - 0x000007fefc8dc000 	C:\Windows\system32\VERSION.dll
0x0000000077c80000 - 0x0000000077c87000 	C:\Windows\system32\PSAPI.DLL
0x0000000060ad0000 - 0x0000000060adf000 	C:\Program Files\Java\jre1.8.0_60\bin\verify.dll
0x000000005d520000 - 0x000000005d549000 	C:\Program Files\Java\jre1.8.0_60\bin\java.dll
0x000000005d500000 - 0x000000005d516000 	C:\Program Files\Java\jre1.8.0_60\bin\zip.dll
0x000007fefe980000 - 0x000007feff709000 	C:\Windows\system32\SHELL32.dll
0x000007fefe3e0000 - 0x000007fefe5e3000 	C:\Windows\system32\ole32.dll
0x000007fefd850000 - 0x000007fefd85f000 	C:\Windows\system32\profapi.dll
0x00000000567a0000 - 0x0000000056938000 	C:\Program Files\Java\jre1.8.0_60\bin\awt.dll
0x000007fefe1a0000 - 0x000007fefe277000 	C:\Windows\system32\OLEAUT32.dll
0x000007fefb9c0000 - 0x000007fefb9d8000 	C:\Windows\system32\DWMAPI.DLL
0x000007fefbc60000 - 0x000007fefbcb6000 	C:\Windows\system32\uxtheme.dll
0x000007fefd6f0000 - 0x000007fefd6ff000 	C:\Windows\system32\CRYPTBASE.dll
0x000007fef32d0000 - 0x000007fef34cf000 	C:\Windows\system32\d3d9.dll
0x000007fef32c0000 - 0x000007fef32c7000 	C:\Windows\system32\d3d8thk.dll
0x000007fee1f40000 - 0x000007fee2fe0000 	C:\Windows\system32\nvd3dumx.dll
0x0000000180000000 - 0x0000000180134000 	C:\Windows\system32\nvspcap64.dll
0x000007fefda50000 - 0x000007fefdbbd000 	C:\Windows\system32\CRYPT32.dll
0x000007fefd860000 - 0x000007fefd86f000 	C:\Windows\system32\MSASN1.dll
0x000007fefa3c0000 - 0x000007fefa6dd000 	C:\Windows\system32\nvapi64.dll
0x000007fefdd80000 - 0x000007fefdf57000 	C:\Windows\system32\SETUPAPI.dll
0x000007fefdbd0000 - 0x000007fefdc06000 	C:\Windows\system32\CFGMGR32.dll
0x000007fefd890000 - 0x000007fefd8aa000 	C:\Windows\system32\DEVOBJ.dll
0x000007fefc1a0000 - 0x000007fefc1cc000 	C:\Windows\system32\powrprof.dll
0x000007fee3f10000 - 0x000007fee4077000 	C:\Program Files (x86)\NVIDIA Corporation\3D Vision\nvSCPAPI64.dll
0x000000005ca00000 - 0x000000005ca47000 	C:\Program Files\Java\jre1.8.0_60\bin\fontmanager.dll
0x000000005d450000 - 0x000000005d481000 	C:\Program Files\Java\jre1.8.0_60\bin\jpeg.dll

VM Arguments:
jvm_args: -Dfile.encoding=Cp1252 
java_command: Ventana
java_class_path (initial): C:\Users\M™ Asuncion\git\MarioBros-Proyecto\MarioBros-Proyecto\MarioBross\bin
Launcher Type: SUN_STANDARD

Environment Variables:
PATH=C:/Program Files/Java/jre1.8.0_60/bin/server;C:/Program Files/Java/jre1.8.0_60/bin;C:/Program Files/Java/jre1.8.0_60/lib/amd64;C:\ProgramData\Oracle\Java\javapath;C:\Windows\system32;C:\Windows;C:\Windows\system32\wbem;C:\Program Files (x86)\NVIDIA Corporation\PhysX\Common;C:\Program Files\Common Files\Microsoft Shared\Windows Live;C:\Program Files (x86)\Common Files\Microsoft Shared\Windows Live;C:\Windows\System32\WindowsPowerShell\v1.0;C:\Program Files\Intel\DMIX;C:\Program Files (x86)\Common Files\DivX Shared;C:\Program Files (x86)\Windows Live\Shared;C:\Program Files (x86)\Skype\Phone\;C:\Users\M™ Asuncion\Desktop;
USERNAME=M™ Asuncion
OS=Windows_NT
PROCESSOR_IDENTIFIER=Intel64 Family 6 Model 37 Stepping 5, GenuineIntel



---------------  S Y S T E M  ---------------

OS: Windows 7 , 64 bit Build 7601 (6.1.7601.19045)

CPU:total 2 (2 cores per cpu, 2 threads per core) family 6 model 37 stepping 5, cmov, cx8, fxsr, mmx, sse, sse2, sse3, ssse3, sse4.1, sse4.2, popcnt, ht, tsc, tscinvbit

Memory: 4k page, physical 4052376k(734100k free), swap 16207668k(145080k free)

vm_info: Java HotSpot(TM) 64-Bit Server VM (25.60-b23) for windows-amd64 JRE (1.8.0_60-b27), built on Aug  4 2015 11:06:27 by "java_re" with MS VC++ 10.0 (VS2010)

time: Wed Nov 30 17:32:44 2016
elapsed time: 222 seconds (0d 0h 3m 42s)

