#
# There is insufficient memory for the Java Runtime Environment to continue.
# Native memory allocation (malloc) failed to allocate 496976 bytes for Chunk::new
# Possible reasons:
#   The system is out of physical RAM or swap space
#   In 32 bit mode, the process size limit was hit
# Possible solutions:
#   Reduce memory load on the system
#   Increase physical memory or swap space
#   Check if swap backing store is full
#   Use 64 bit Java on a 64 bit OS
#   Decrease Java heap size (-Xmx/-Xms)
#   Decrease number of Java threads
#   Decrease Java thread stack sizes (-Xss)
#   Set larger code cache with -XX:ReservedCodeCacheSize=
# This output file may be truncated or incomplete.
#
#  Out of Memory Error (allocation.cpp:390), pid=8716, tid=9336
#
# JRE version: Java(TM) SE Runtime Environment (8.0_60-b27) (build 1.8.0_60-b27)
# Java VM: Java HotSpot(TM) 64-Bit Server VM (25.60-b23 mixed mode windows-amd64 compressed oops)
# Failed to write core dump. Minidumps are not enabled by default on client versions of Windows
#

---------------  T H R E A D  ---------------

Current thread (0x0000000014c2b800):  JavaThread "C2 CompilerThread0" daemon [_thread_in_native, id=9336, stack(0x0000000015d90000,0x0000000015e90000)]

Stack: [0x0000000015d90000,0x0000000015e90000]
[error occurred during error reporting (printing stack bounds), id 0xc0000005]

Native frames: (J=compiled Java code, j=interpreted, Vv=VM code, C=native code)


Current CompileTask:
C2:  13989  545   !   4       sun.awt.image.PNGImageDecoder::produceImage (1916 bytes)


---------------  P R O C E S S  ---------------

Java Threads: ( => current thread )
  0x000000000026d800 JavaThread "DestroyJavaVM" [_thread_blocked, id=9856, stack(0x0000000002320000,0x0000000002420000)]
  0x0000000019666800 JavaThread "Thread-3" [_thread_blocked, id=9544, stack(0x0000000020ca0000,0x0000000020da0000)]
  0x00000000163b7800 JavaThread "Thread-2" [_thread_blocked, id=9436, stack(0x0000000018e60000,0x0000000018f60000)]
  0x0000000016333000 JavaThread "Image Fetcher 0" daemon [_thread_blocked, id=9536, stack(0x0000000019ea0000,0x0000000019fa0000)]
  0x0000000019048800 JavaThread "D3D Screen Updater" daemon [_thread_blocked, id=10088, stack(0x00000000198a0000,0x00000000199a0000)]
  0x0000000016323800 JavaThread "AWT-EventQueue-0" [_thread_in_native, id=6352, stack(0x0000000018c60000,0x0000000018d60000)]
  0x00000000162b7800 JavaThread "AWT-Windows" daemon [_thread_in_native, id=9592, stack(0x0000000016a90000,0x0000000016b90000)]
  0x00000000162b5000 JavaThread "AWT-Shutdown" [_thread_blocked, id=9692, stack(0x0000000016910000,0x0000000016a10000)]
  0x00000000162a3800 JavaThread "Java2D Disposer" daemon [_thread_blocked, id=9724, stack(0x0000000016730000,0x0000000016830000)]
  0x0000000015fc8800 JavaThread "Service Thread" daemon [_thread_blocked, id=9888, stack(0x0000000015c50000,0x0000000015d50000)]
  0x0000000014c35000 JavaThread "C1 CompilerThread1" daemon [_thread_blocked, id=8108, stack(0x0000000015ec0000,0x0000000015fc0000)]
=>0x0000000014c2b800 JavaThread "C2 CompilerThread0" daemon [_thread_in_native, id=9336, stack(0x0000000015d90000,0x0000000015e90000)]
  0x0000000014c29800 JavaThread "Attach Listener" daemon [_thread_blocked, id=8536, stack(0x0000000015b20000,0x0000000015c20000)]
  0x0000000014c28800 JavaThread "Signal Dispatcher" daemon [_thread_blocked, id=9584, stack(0x0000000015970000,0x0000000015a70000)]
  0x0000000014bcf000 JavaThread "Finalizer" daemon [_thread_blocked, id=9604, stack(0x0000000015490000,0x0000000015590000)]
  0x0000000014bc8800 JavaThread "Reference Handler" daemon [_thread_blocked, id=9516, stack(0x00000000157c0000,0x00000000158c0000)]

Other Threads:
  0x0000000014bbd000 VMThread [stack: 0x00000000155b0000,0x00000000156b0000] [id=9484]
  0x0000000015fd6000 WatcherThread [stack: 0x0000000016590000,0x0000000016690000] [id=9460]

VM state:not at safepoint (normal execution)

VM Mutex/Monitor currently owned by a thread: None

Heap:
 PSYoungGen      total 34304K, used 27765K [0x00000000eb600000, 0x00000000eda00000, 0x0000000100000000)
  eden space 31744K, 79% used [0x00000000eb600000,0x00000000ecea6e30,0x00000000ed500000)
  from space 2560K, 98% used [0x00000000ed780000,0x00000000ed9f6870,0x00000000eda00000)
  to   space 2560K, 0% used [0x00000000ed500000,0x00000000ed500000,0x00000000ed780000)
 ParOldGen       total 107008K, used 69043K [0x00000000c2200000, 0x00000000c8a80000, 0x00000000eb600000)
  object space 107008K, 64% used [0x00000000c2200000,0x00000000c656cc20,0x00000000c8a80000)
 Metaspace       used 9378K, capacity 9570K, committed 9728K, reserved 1058816K
  class space    used 1161K, capacity 1223K, committed 1280K, reserved 1048576K

Card table byte_map: [0x0000000011ab0000,0x0000000011ca0000] byte_map_base: 0x000000001149f000

Marking Bits: (ParMarkBitMap*) 0x00000000534fa5b0
 Begin Bits: [0x00000000121b0000, 0x0000000013128000)
 End Bits:   [0x0000000013128000, 0x00000000140a0000)

Polling page: 0x0000000000230000

CodeCache: size=245760Kb used=2529Kb max_used=2529Kb free=243230Kb
 bounds [0x00000000026f0000, 0x0000000002970000, 0x00000000116f0000]
 total_blobs=1042 nmethods=587 adapters=369
 compilation: enabled

Compilation events (10 events):
Event: 12.085 Thread 0x0000000014c35000  557       1       java.awt.Component::getY (5 bytes)
Event: 12.085 Thread 0x0000000014c35000 nmethod 557 0x000000000295cfd0 code [0x000000000295d120, 0x000000000295d230]
Event: 12.085 Thread 0x0000000014c35000  553       1       java.awt.Color::getRGB (5 bytes)
Event: 12.085 Thread 0x0000000014c35000 nmethod 553 0x000000000295d290 code [0x000000000295d3e0, 0x000000000295d4f0]
Event: 12.112 Thread 0x0000000014c35000  558       3       javax.swing.JComponent::getWidth (5 bytes)
Event: 12.112 Thread 0x0000000014c35000 nmethod 558 0x000000000295d550 code [0x000000000295d6a0, 0x000000000295d810]
Event: 12.113 Thread 0x0000000014c35000  559       3       javax.swing.JComponent::getHeight (5 bytes)
Event: 12.113 Thread 0x0000000014c35000 nmethod 559 0x000000000295d890 code [0x000000000295d9e0, 0x000000000295db50]
Event: 12.113 Thread 0x0000000014c35000  560       3       javax.swing.JComponent::getX (5 bytes)
Event: 12.113 Thread 0x0000000014c35000 nmethod 560 0x000000000295dbd0 code [0x000000000295dd20, 0x000000000295de90]

GC Heap History (8 events):
Event: 0.892 GC heap before
{Heap before GC invocations=1 (full 0):
 PSYoungGen      total 18432K, used 15829K [0x00000000eb600000, 0x00000000eca80000, 0x0000000100000000)
  eden space 15872K, 99% used [0x00000000eb600000,0x00000000ec575750,0x00000000ec580000)
  from space 2560K, 0% used [0x00000000ec800000,0x00000000ec800000,0x00000000eca80000)
  to   space 2560K, 0% used [0x00000000ec580000,0x00000000ec580000,0x00000000ec800000)
 ParOldGen       total 107008K, used 64119K [0x00000000c2200000, 0x00000000c8a80000, 0x00000000eb600000)
  object space 107008K, 59% used [0x00000000c2200000,0x00000000c609dc10,0x00000000c8a80000)
 Metaspace       used 8899K, capacity 9078K, committed 9216K, reserved 1056768K
  class space    used 1111K, capacity 1189K, committed 1280K, reserved 1048576K
Event: 0.898 GC heap after
Heap after GC invocations=1 (full 0):
 PSYoungGen      total 18432K, used 2549K [0x00000000eb600000, 0x00000000eca80000, 0x0000000100000000)
  eden space 15872K, 0% used [0x00000000eb600000,0x00000000eb600000,0x00000000ec580000)
  from space 2560K, 99% used [0x00000000ec580000,0x00000000ec7fd7a0,0x00000000ec800000)
  to   space 2560K, 0% used [0x00000000ec800000,0x00000000ec800000,0x00000000eca80000)
 ParOldGen       total 107008K, used 65155K [0x00000000c2200000, 0x00000000c8a80000, 0x00000000eb600000)
  object space 107008K, 60% used [0x00000000c2200000,0x00000000c61a0c30,0x00000000c8a80000)
 Metaspace       used 8899K, capacity 9078K, committed 9216K, reserved 1056768K
  class space    used 1111K, capacity 1189K, committed 1280K, reserved 1048576K
}
Event: 0.950 GC heap before
{Heap before GC invocations=2 (full 0):
 PSYoungGen      total 18432K, used 18420K [0x00000000eb600000, 0x00000000eca80000, 0x0000000100000000)
  eden space 15872K, 99% used [0x00000000eb600000,0x00000000ec57f948,0x00000000ec580000)
  from space 2560K, 99% used [0x00000000ec580000,0x00000000ec7fd7a0,0x00000000ec800000)
  to   space 2560K, 0% used [0x00000000ec800000,0x00000000ec800000,0x00000000eca80000)
 ParOldGen       total 107008K, used 65155K [0x00000000c2200000, 0x00000000c8a80000, 0x00000000eb600000)
  object space 107008K, 60% used [0x00000000c2200000,0x00000000c61a0c30,0x00000000c8a80000)
 Metaspace       used 8900K, capacity 9078K, committed 9216K, reserved 1056768K
  class space    used 1111K, capacity 1189K, committed 1280K, reserved 1048576K
Event: 0.955 GC heap after
Heap after GC invocations=2 (full 0):
 PSYoungGen      total 18432K, used 2522K [0x00000000eb600000, 0x00000000eda00000, 0x0000000100000000)
  eden space 15872K, 0% used [0x00000000eb600000,0x00000000eb600000,0x00000000ec580000)
  from space 2560K, 98% used [0x00000000ec800000,0x00000000eca76850,0x00000000eca80000)
  to   space 2560K, 0% used [0x00000000ec580000,0x00000000ec580000,0x00000000ec800000)
 ParOldGen       total 107008K, used 67128K [0x00000000c2200000, 0x00000000c8a80000, 0x00000000eb600000)
  object space 107008K, 62% used [0x00000000c2200000,0x00000000c638e3d0,0x00000000c8a80000)
 Metaspace       used 8900K, capacity 9078K, committed 9216K, reserved 1056768K
  class space    used 1111K, capacity 1189K, committed 1280K, reserved 1048576K
}
Event: 1.004 GC heap before
{Heap before GC invocations=3 (full 0):
 PSYoungGen      total 18432K, used 18391K [0x00000000eb600000, 0x00000000eda00000, 0x0000000100000000)
  eden space 15872K, 99% used [0x00000000eb600000,0x00000000ec57f560,0x00000000ec580000)
  from space 2560K, 98% used [0x00000000ec800000,0x00000000eca76850,0x00000000eca80000)
  to   space 2560K, 0% used [0x00000000ec580000,0x00000000ec580000,0x00000000ec800000)
 ParOldGen       total 107008K, used 67128K [0x00000000c2200000, 0x00000000c8a80000, 0x00000000eb600000)
  object space 107008K, 62% used [0x00000000c2200000,0x00000000c638e3d0,0x00000000c8a80000)
 Metaspace       used 8900K, capacity 9078K, committed 9216K, reserved 1056768K
  class space    used 1111K, capacity 1189K, committed 1280K, reserved 1048576K
Event: 1.008 GC heap after
Heap after GC invocations=3 (full 0):
 PSYoungGen      total 18432K, used 2522K [0x00000000eb600000, 0x00000000eda00000, 0x0000000100000000)
  eden space 15872K, 0% used [0x00000000eb600000,0x00000000eb600000,0x00000000ec580000)
  from space 2560K, 98% used [0x00000000ec580000,0x00000000ec7f6870,0x00000000ec800000)
  to   space 2560K, 0% used [0x00000000ed780000,0x00000000ed780000,0x00000000eda00000)
 ParOldGen       total 107008K, used 67128K [0x00000000c2200000, 0x00000000c8a80000, 0x00000000eb600000)
  object space 107008K, 62% used [0x00000000c2200000,0x00000000c638e3d0,0x00000000c8a80000)
 Metaspace       used 8900K, capacity 9078K, committed 9216K, reserved 1056768K
  class space    used 1111K, capacity 1189K, committed 1280K, reserved 1048576K
}
Event: 1.058 GC heap before
{Heap before GC invocations=4 (full 0):
 PSYoungGen      total 18432K, used 18376K [0x00000000eb600000, 0x00000000eda00000, 0x0000000100000000)
  eden space 15872K, 99% used [0x00000000eb600000,0x00000000ec57b7d8,0x00000000ec580000)
  from space 2560K, 98% used [0x00000000ec580000,0x00000000ec7f6870,0x00000000ec800000)
  to   space 2560K, 0% used [0x00000000ed780000,0x00000000ed780000,0x00000000eda00000)
 ParOldGen       total 107008K, used 67128K [0x00000000c2200000, 0x00000000c8a80000, 0x00000000eb600000)
  object space 107008K, 62% used [0x00000000c2200000,0x00000000c638e3d0,0x00000000c8a80000)
 Metaspace       used 8900K, capacity 9078K, committed 9216K, reserved 1056768K
  class space    used 1111K, capacity 1189K, committed 1280K, reserved 1048576K
Event: 1.063 GC heap after
Heap after GC invocations=4 (full 0):
 PSYoungGen      total 34304K, used 2522K [0x00000000eb600000, 0x00000000eda00000, 0x0000000100000000)
  eden space 31744K, 0% used [0x00000000eb600000,0x00000000eb600000,0x00000000ed500000)
  from space 2560K, 98% used [0x00000000ed780000,0x00000000ed9f6870,0x00000000eda00000)
  to   space 2560K, 0% used [0x00000000ed500000,0x00000000ed500000,0x00000000ed780000)
 ParOldGen       total 107008K, used 69043K [0x00000000c2200000, 0x00000000c8a80000, 0x00000000eb600000)
  object space 107008K, 64% used [0x00000000c2200000,0x00000000c656cc20,0x00000000c8a80000)
 Metaspace       used 8900K, capacity 9078K, committed 9216K, reserved 1056768K
  class space    used 1111K, capacity 1189K, committed 1280K, reserved 1048576K
}

Deoptimization events (3 events):
Event: 0.429 Thread 0x000000000026d800 Uncommon trap: reason=null_check action=make_not_entrant pc=0x000000000285ad4c method=java.lang.String.equals(Ljava/lang/Object;)Z @ 8
Event: 0.816 Thread 0x0000000016333000 Uncommon trap: reason=unstable_if action=reinterpret pc=0x00000000028ea714 method=sun.awt.image.PNGImageDecoder.produceImage()V @ 867
Event: 10.672 Thread 0x0000000016333000 Uncommon trap: reason=unstable_if action=reinterpret pc=0x00000000028b7134 method=sun.awt.image.PNGImageDecoder.update_crc(I[BII)I @ 7

Internal exceptions (10 events):
Event: 0.061 Thread 0x000000000026d800 Exception <a 'java/lang/NoSuchMethodError': Method sun.misc.Unsafe.prefetchRead(Ljava/lang/Object;J)V name or signature does not match> (0x00000000eb60d428) thrown at [C:\re\workspace\8-2-build-windows-amd64-cygwin\jdk8u60\4407\hotspot\src\share\vm\prims\jÑ7Š¯v–À?
Event: 0.130 Thread 0x000000000026d800 Exception <a 'java/security/PrivilegedActionException'> (0x00000000eb6d2a70) thrown at [C:\re\workspace\8-2-build-windows-amd64-cygwin\jdk8u60\4407\hotspot\src\share\vm\prims\jvm.cpp, line 1386]
Event: 0.130 Thread 0x000000000026d800 Exception <a 'java/security/PrivilegedActionException'> (0x00000000eb6d2c80) thrown at [C:\re\workspace\8-2-build-windows-amd64-cygwin\jdk8u60\4407\hotspot\src\share\vm\prims\jvm.cpp, line 1386]
Event: 0.131 Thread 0x000000000026d800 Exception <a 'java/security/PrivilegedActionException'> (0x00000000eb6d6828) thrown at [C:\re\workspace\8-2-build-windows-amd64-cygwin\jdk8u60\4407\hotspot\src\share\vm\prims\jvm.cpp, line 1386]
Event: 0.131 Thread 0x000000000026d800 Exception <a 'java/security/PrivilegedActionException'> (0x00000000eb6d6a38) thrown at [C:\re\workspace\8-2-build-windows-amd64-cygwin\jdk8u60\4407\hotspot\src\share\vm\prims\jvm.cpp, line 1386]
Event: 0.135 Thread 0x000000000026d800 Exception <a 'java/io/FileNotFoundException'> (0x00000000eb6d9b20) thrown at [C:\re\workspace\8-2-build-windows-amd64-cygwin\jdk8u60\4407\hotspot\src\share\vm\prims\jni.cpp, line 709]
Event: 0.187 Thread 0x000000000026d800 Exception <a 'java/lang/NoSuchFieldError': method resolution failed> (0x00000000eb7f77e0) thrown at [C:\re\workspace\8-2-build-windows-amd64-cygwin\jdk8u60\4407\hotspot\src\share\vm\prims\methodHandles.cpp, line 1146]
Event: 0.189 Thread 0x000000000026d800 Exception <a 'java/lang/NoSuchFieldError': method resolution failed> (0x00000000eb804bb0) thrown at [C:\re\workspace\8-2-build-windows-amd64-cygwin\jdk8u60\4407\hotspot\src\share\vm\prims\methodHandles.cpp, line 1146]
Event: 0.240 Thread 0x000000000026d800 Exception <a 'java/io/FileNotFoundException'> (0x00000000eb89a528) thrown at [C:\re\workspace\8-2-build-windows-amd64-cygwin\jdk8u60\4407\hotspot\src\share\vm\prims\jni.cpp, line 709]
Event: 0.429 Thread 0x000000000026d800 Implicit null exception at 0x000000000285ab8b to 0x000000000285ad3d

Events (10 events):
Event: 12.076 Executing VM operation: RevokeBias done
Event: 12.078 loading class Ventana$MiRunnable
Event: 12.078 loading class Ventana$MiRunnable done
Event: 12.079 loading class Ventana$MiRunnable2
Event: 12.079 loading class Ventana$MiRunnable2 done
Event: 12.080 Thread 0x00000000163b7800 Thread added: 0x00000000163b7800
Event: 12.080 Thread 0x0000000019666800 Thread added: 0x0000000019666800
Event: 12.080 Thread 0x000000000026d800 Thread exited: 0x000000000026d800
Event: 12.080 Thread 0x000000000026d800 Thread added: 0x000000000026d800
Event: 12.113 loading class sun/java2d/cmm/CMSManager


Dynamic libraries:
0x000000013fb90000 - 0x000000013fbc7000 	C:\Program Files\Java\jre1.8.0_60\bin\javaw.exe
0x0000000076eb0000 - 0x0000000077059000 	C:\Windows\SYSTEM32\ntdll.dll
0x0000000076d90000 - 0x0000000076eb0000 	C:\Windows\system32\kernel32.dll
0x000007fefcd20000 - 0x000007fefcd8c000 	C:\Windows\system32\KERNELBASE.dll
0x000007fefe020000 - 0x000007fefe0fb000 	C:\Windows\system32\ADVAPI32.dll
0x000007fefdf80000 - 0x000007fefe01f000 	C:\Windows\system32\msvcrt.dll
0x000007fefe9d0000 - 0x000007fefe9ef000 	C:\Windows\SYSTEM32\sechost.dll
0x000007fefe110000 - 0x000007fefe23d000 	C:\Windows\system32\RPCRT4.dll
0x0000000076c90000 - 0x0000000076d8a000 	C:\Windows\system32\USER32.dll
0x000007fefdf10000 - 0x000007fefdf77000 	C:\Windows\system32\GDI32.dll
0x000007fefe2a0000 - 0x000007fefe2ae000 	C:\Windows\system32\LPK.dll
0x000007fefd010000 - 0x000007fefd0d9000 	C:\Windows\system32\USP10.dll
0x000007fefb0d0000 - 0x000007fefb2c4000 	C:\Windows\WinSxS\amd64_microsoft.windows.common-controls_6595b64144ccf1df_6.0.7601.18837_none_fa3b1e3d17594757\COMCTL32.dll
0x000007fefe5b0000 - 0x000007fefe621000 	C:\Windows\system32\SHLWAPI.dll
0x000007fefde70000 - 0x000007fefde9e000 	C:\Windows\system32\IMM32.DLL
0x000007fefe9f0000 - 0x000007fefeaf9000 	C:\Windows\system32\MSCTF.dll
0x0000000062240000 - 0x0000000062312000 	C:\Program Files\Java\jre1.8.0_60\bin\msvcr100.dll
0x0000000052cf0000 - 0x0000000053579000 	C:\Program Files\Java\jre1.8.0_60\bin\server\jvm.dll
0x000007fef0e60000 - 0x000007fef0e69000 	C:\Windows\system32\WSOCK32.dll
0x000007fefdec0000 - 0x000007fefdf0d000 	C:\Windows\system32\WS2_32.dll
0x000007fefe100000 - 0x000007fefe108000 	C:\Windows\system32\NSI.dll
0x000007fef9fb0000 - 0x000007fef9feb000 	C:\Windows\system32\WINMM.dll
0x000007fefbcd0000 - 0x000007fefbcdc000 	C:\Windows\system32\VERSION.dll
0x0000000077070000 - 0x0000000077077000 	C:\Windows\system32\PSAPI.DLL
0x0000000069db0000 - 0x0000000069dbf000 	C:\Program Files\Java\jre1.8.0_60\bin\verify.dll
0x000000005a850000 - 0x000000005a879000 	C:\Program Files\Java\jre1.8.0_60\bin\java.dll
0x0000000069d90000 - 0x0000000069da6000 	C:\Program Files\Java\jre1.8.0_60\bin\zip.dll
0x000007fefd0e0000 - 0x000007fefde69000 	C:\Windows\system32\SHELL32.dll
0x000007fefe7c0000 - 0x000007fefe9c3000 	C:\Windows\system32\ole32.dll
0x000007fefcc60000 - 0x000007fefcc6f000 	C:\Windows\system32\profapi.dll
0x0000000061630000 - 0x00000000617c8000 	C:\Program Files\Java\jre1.8.0_60\bin\awt.dll
0x000007fefee70000 - 0x000007fefef47000 	C:\Windows\system32\OLEAUT32.dll
0x000007fefa870000 - 0x000007fefa888000 	C:\Windows\system32\DWMAPI.DLL
0x000007fefb050000 - 0x000007fefb0a6000 	C:\Windows\system32\uxtheme.dll
0x000007fefcaf0000 - 0x000007fefcaff000 	C:\Windows\system32\CRYPTBASE.dll
0x000007feea790000 - 0x000007feea98f000 	C:\Windows\system32\d3d9.dll
0x000007fef6240000 - 0x000007fef6247000 	C:\Windows\system32\d3d8thk.dll
0x000007fee1100000 - 0x000007fee21a0000 	C:\Windows\system32\nvd3dumx.dll
0x0000000180000000 - 0x0000000180134000 	C:\Windows\system32\nvspcap64.dll
0x000007fefce80000 - 0x000007fefcfed000 	C:\Windows\system32\CRYPT32.dll
0x000007fefcc50000 - 0x000007fefcc5f000 	C:\Windows\system32\MSASN1.dll
0x000007fef9a00000 - 0x000007fef9d1d000 	C:\Windows\system32\nvapi64.dll
0x000007fefe350000 - 0x000007fefe527000 	C:\Windows\system32\SETUPAPI.dll
0x000007fefcca0000 - 0x000007fefccd6000 	C:\Windows\system32\CFGMGR32.dll
0x000007fefcc80000 - 0x000007fefcc9a000 	C:\Windows\system32\DEVOBJ.dll
0x000007fefb700000 - 0x000007fefb72c000 	C:\Windows\system32\powrprof.dll
0x000007fee4070000 - 0x000007fee41d7000 	C:\Program Files (x86)\NVIDIA Corporation\3D Vision\nvSCPAPI64.dll
0x000000006f640000 - 0x000000006f687000 	C:\Program Files\Java\jre1.8.0_60\bin\fontmanager.dll
0x000000006f600000 - 0x000000006f631000 	C:\Program Files\Java\jre1.8.0_60\bin\jpeg.dll

VM Arguments:
jvm_args: -Dfile.encoding=Cp1252 
java_command: Ventana
java_class_path (initial): C:\Users\Mª Asuncion\git\MarioBros-Proyecto\MarioBros-Proyecto\MarioBross\bin
Launcher Type: SUN_STANDARD

Environment Variables:
PATH=C:/Program Files/Java/jre1.8.0_60/bin/server;C:/Program Files/Java/jre1.8.0_60/bin;C:/Program Files/Java/jre1.8.0_60/lib/amd64;C:\ProgramData\Oracle\Java\javapath;C:\Windows\system32;C:\Windows;C:\Windows\system32\wbem;C:\Program Files (x86)\NVIDIA Corporation\PhysX\Common;C:\Program Files\Common Files\Microsoft Shared\Windows Live;C:\Program Files (x86)\Common Files\Microsoft Shared\Windows Live;C:\Windows\System32\WindowsPowerShell\v1.0;C:\Program Files\Intel\DMIX;C:\Program Files (x86)\Common Files\DivX Shared;C:\Program Files (x86)\Windows Live\Shared;C:\Program Files (x86)\Skype\Phone\;C:\Users\Mª Asuncion\Desktop;
USERNAME=Mª Asuncion
OS=Windows_NT
PROCESSOR_IDENTIFIER=Intel64 Family 6 Model 37 Stepping 5, GenuineIntel



---------------  S Y S T E M  ---------------

OS: Windows 7 , 64 bit Build 7601 (6.1.7601.19045)

CPU:total 2 (2 cores per cpu, 2 threads per core) family 6 model 37 stepping 5, cmov, cx8, fxsr, mmx, sse, sse2, sse3, ssse3, sse4.1, sse4.2, popcnt, ht, tsc, tscinvbit

Memory: 4k page, physical 4052376k(520576k free), swap 16207668k(2692k free)

vm_info: Java HotSpot(TM) 64-Bit Server VM (25.60-b23) for windows-amd64 JRE (1.8.0_60-b27), built on Aug  4 2015 11:06:27 by "java_re" with MS VC++ 10.0 (VS2010)

time: Thu Dec 01 22:19:34 2016
elapsed time: 14 seconds (0d 0h 0m 14s)

