#
# There is insufficient memory for the Java Runtime Environment to continue.
# Native memory allocation (malloc) failed to allocate 288016 bytes for Chunk::new
# Possible reasons:
#   The system is out of physical RAM or swap space
#   In 32 bit mode, the process size limit was hit
# Possible solutions:
#   Reduce memory load on the system
#   Increase physical memory or swap space
#   Check if swap backing store is full
#   Use 64 bit Java on a 64 bit OS
#   Decrease Java heap size (-Xmx/-Xms)
#   Decrease number of Java threads
#   Decrease Java thread stack sizes (-Xss)
#   Set larger code cache with -XX:ReservedCodeCacheSize=
# This output file may be truncated or incomplete.
#
#  Out of Memory Error (allocation.cpp:390), pid=9768, tid=9888
#
# JRE version: Java(TM) SE Runtime Environment (8.0_60-b27) (build 1.8.0_60-b27)
# Java VM: Java HotSpot(TM) 64-Bit Server VM (25.60-b23 mixed mode windows-amd64 compressed oops)
# Failed to write core dump. Minidumps are not enabled by default on client versions of Windows
#

---------------  T H R E A D  ---------------

Current thread (0x0000000054bea800):  JavaThread "C2 CompilerThread0" daemon [_thread_in_native, id=9888, stack(0x0000000055ea0000,0x0000000055fa0000)]

Stack: [0x0000000055ea0000,0x0000000055fa0000]
[error occurred during error reporting (printing stack bounds), id 0xc0000005]

Native frames: (J=compiled Java code, j=interpreted, Vv=VM code, C=native code)


Current CompileTask:
C2:   3008  366       4       sun.awt.image.PNGImageDecoder::filterRow (459 bytes)


---------------  P R O C E S S  ---------------

Java Threads: ( => current thread )
  0x00000000564ee800 JavaThread "Image Fetcher 0" daemon [_thread_blocked, id=3980, stack(0x0000000057ff0000,0x00000000580f0000)]
  0x00000000564d9000 JavaThread "AWT-EventQueue-0" [_thread_blocked, id=10176, stack(0x0000000057d60000,0x0000000057e60000)]
  0x000000005645b000 JavaThread "AWT-Windows" daemon [_thread_blocked, id=9248, stack(0x0000000056ca0000,0x0000000056da0000)]
  0x0000000056458800 JavaThread "AWT-Shutdown" [_thread_blocked, id=9608, stack(0x0000000056ac0000,0x0000000056bc0000)]
  0x0000000056457800 JavaThread "Java2D Disposer" daemon [_thread_blocked, id=9848, stack(0x0000000056910000,0x0000000056a10000)]
  0x0000000054c49800 JavaThread "Service Thread" daemon [_thread_blocked, id=7556, stack(0x0000000056550000,0x0000000056650000)]
  0x0000000054c02800 JavaThread "C1 CompilerThread1" daemon [_thread_in_native, id=9876, stack(0x0000000056020000,0x0000000056120000)]
=>0x0000000054bea800 JavaThread "C2 CompilerThread0" daemon [_thread_in_native, id=9888, stack(0x0000000055ea0000,0x0000000055fa0000)]
  0x0000000054be8800 JavaThread "Attach Listener" daemon [_thread_blocked, id=10052, stack(0x0000000055aa0000,0x0000000055ba0000)]
  0x0000000054be7000 JavaThread "Signal Dispatcher" daemon [_thread_blocked, id=9756, stack(0x0000000055c20000,0x0000000055d20000)]
  0x0000000054b8b800 JavaThread "Finalizer" daemon [_thread_blocked, id=10232, stack(0x00000000559a0000,0x0000000055aa0000)]
  0x0000000054b84800 JavaThread "Reference Handler" daemon [_thread_blocked, id=10204, stack(0x0000000055810000,0x0000000055910000)]
  0x000000000221d800 JavaThread "main" [_thread_blocked, id=8032, stack(0x00000000022e0000,0x00000000023e0000)]

Other Threads:
  0x0000000054b7d000 VMThread [stack: 0x0000000055680000,0x0000000055780000] [id=7676]
  0x0000000056143800 WatcherThread [stack: 0x0000000055d20000,0x0000000055e20000] [id=9540]

VM state:at safepoint (normal execution)

VM Mutex/Monitor currently owned by a thread:  ([mutex/lock_event])
[0x000000000221bee0] Threads_lock - owner thread: 0x0000000054b7d000
[0x000000000221c3e0] Heap_lock - owner thread: 0x00000000564d9000

Heap:
 PSYoungGen      total 18432K, used 2027K [0x00000000eb600000, 0x00000000eca80000, 0x0000000100000000)
  eden space 15872K, 12% used [0x00000000eb600000,0x00000000eb7fae60,0x00000000ec580000)
  from space 2560K, 0% used [0x00000000ec580000,0x00000000ec580000,0x00000000ec800000)
  to   space 2560K, 0% used [0x00000000ec800000,0x00000000ec800000,0x00000000eca80000)
 ParOldGen       total 56320K, used 11696K [0x00000000c2200000, 0x00000000c5900000, 0x00000000eb600000)
  object space 56320K, 20% used [0x00000000c2200000,0x00000000c2d6c088,0x00000000c5900000)
 Metaspace       used 8883K, capacity 9062K, committed 9216K, reserved 1060864K
  class space    used 1092K, capacity 1183K, committed 1280K, reserved 1048576K

Card table byte_map: [0x0000000011a70000,0x0000000011c60000] byte_map_base: 0x000000001145f000

Marking Bits: (ParMarkBitMap*) 0x000000005ba8a5b0
 Begin Bits: [0x0000000012170000, 0x00000000130e8000)
 End Bits:   [0x00000000130e8000, 0x0000000014060000)

Polling page: 0x0000000001c60000

CodeCache: size=245760Kb used=1884Kb max_used=1893Kb free=243876Kb
 bounds [0x00000000026b0000, 0x0000000002920000, 0x00000000116b0000]
 total_blobs=806 nmethods=366 adapters=354
 compilation: enabled

Compilation events (10 events):
Event: 1.806 Thread 0x0000000054bea800  362 %     4       sun.awt.image.PNGImageDecoder::update_crc @ 3 (41 bytes)
Event: 1.824 Thread 0x0000000054bea800 nmethod 362% 0x0000000002880790 code [0x00000000028808e0, 0x0000000002880d18]
Event: 2.070 Thread 0x0000000054c02800  363 %     3       sun.awt.image.PNGImageDecoder::filterRow @ 79 (459 bytes)
Event: 2.071 Thread 0x0000000054c02800 nmethod 363% 0x0000000002884010 code [0x0000000002884280, 0x0000000002885108]
Event: 2.071 Thread 0x0000000054c02800  364       3       sun.awt.image.PNGImageDecoder::filterRow (459 bytes)
Event: 2.073 Thread 0x0000000054c02800 nmethod 364 0x0000000002886210 code [0x0000000002886460, 0x0000000002887208]
Event: 2.073 Thread 0x0000000054bea800  365 %     4       sun.awt.image.PNGImageDecoder::filterRow @ 79 (459 bytes)
Event: 2.078 Thread 0x0000000054bea800 nmethod 365% 0x0000000002880210 code [0x0000000002880360, 0x00000000028805b8]
Event: 2.078 Thread 0x0000000054bea800  366       4       sun.awt.image.PNGImageDecoder::filterRow (459 bytes)
Event: 2.081 Thread 0x0000000054c02800  367 % !   3       sun.awt.image.PNGImageDecoder::produceImage @ 960 (1916 bytes)

GC Heap History (10 events):
Event: 1.981 GC heap after
Heap after GC invocations=1 (full 0):
 PSYoungGen      total 18432K, used 2549K [0x00000000eb600000, 0x00000000eca80000, 0x0000000100000000)
  eden space 15872K, 0% used [0x00000000eb600000,0x00000000eb600000,0x00000000ec580000)
  from space 2560K, 99% used [0x00000000ec580000,0x00000000ec7fd7a0,0x00000000ec800000)
  to   space 2560K, 0% used [0x00000000ec800000,0x00000000ec800000,0x00000000eca80000)
 ParOldGen       total 42496K, used 17384K [0x00000000c2200000, 0x00000000c4b80000, 0x00000000eb600000)
  object space 42496K, 40% used [0x00000000c2200000,0x00000000c32fa250,0x00000000c4b80000)
 Metaspace       used 8763K, capacity 8976K, committed 9216K, reserved 1056768K
  class space    used 1080K, capacity 1156K, committed 1280K, reserved 1048576K
}
Event: 1.981 GC heap before
{Heap before GC invocations=2 (full 0):
 PSYoungGen      total 18432K, used 2549K [0x00000000eb600000, 0x00000000eca80000, 0x0000000100000000)
  eden space 15872K, 0% used [0x00000000eb600000,0x00000000eb600000,0x00000000ec580000)
  from space 2560K, 99% used [0x00000000ec580000,0x00000000ec7fd7a0,0x00000000ec800000)
  to   space 2560K, 0% used [0x00000000ec800000,0x00000000ec800000,0x00000000eca80000)
 ParOldGen       total 42496K, used 17384K [0x00000000c2200000, 0x00000000c4b80000, 0x00000000eb600000)
  object space 42496K, 40% used [0x00000000c2200000,0x00000000c32fa250,0x00000000c4b80000)
 Metaspace       used 8763K, capacity 8976K, committed 9216K, reserved 1056768K
  class space    used 1080K, capacity 1156K, committed 1280K, reserved 1048576K
Event: 2.008 GC heap after
Heap after GC invocations=2 (full 0):
 PSYoungGen      total 18432K, used 2549K [0x00000000eb600000, 0x00000000eca80000, 0x0000000100000000)
  eden space 15872K, 0% used [0x00000000eb600000,0x00000000eb600000,0x00000000ec580000)
  from space 2560K, 99% used [0x00000000ec800000,0x00000000eca7d7a0,0x00000000eca80000)
  to   space 2560K, 0% used [0x00000000ec580000,0x00000000ec580000,0x00000000ec800000)
 ParOldGen       total 42496K, used 19322K [0x00000000c2200000, 0x00000000c4b80000, 0x00000000eb600000)
  object space 42496K, 45% used [0x00000000c2200000,0x00000000c34deaa0,0x00000000c4b80000)
 Metaspace       used 8763K, capacity 8976K, committed 9216K, reserved 1056768K
  class space    used 1080K, capacity 1156K, committed 1280K, reserved 1048576K
}
Event: 2.008 GC heap before
{Heap before GC invocations=3 (full 1):
 PSYoungGen      total 18432K, used 2549K [0x00000000eb600000, 0x00000000eca80000, 0x0000000100000000)
  eden space 15872K, 0% used [0x00000000eb600000,0x00000000eb600000,0x00000000ec580000)
  from space 2560K, 99% used [0x00000000ec800000,0x00000000eca7d7a0,0x00000000eca80000)
  to   space 2560K, 0% used [0x00000000ec580000,0x00000000ec580000,0x00000000ec800000)
 ParOldGen       total 42496K, used 19322K [0x00000000c2200000, 0x00000000c4b80000, 0x00000000eb600000)
  object space 42496K, 45% used [0x00000000c2200000,0x00000000c34deaa0,0x00000000c4b80000)
 Metaspace       used 8763K, capacity 8976K, committed 9216K, reserved 1056768K
  class space    used 1080K, capacity 1156K, committed 1280K, reserved 1048576K
Event: 2.038 GC heap after
Heap after GC invocations=3 (full 1):
 PSYoungGen      total 18432K, used 0K [0x00000000eb600000, 0x00000000eca80000, 0x0000000100000000)
  eden space 15872K, 0% used [0x00000000eb600000,0x00000000eb600000,0x00000000ec580000)
  from space 2560K, 0% used [0x00000000ec800000,0x00000000ec800000,0x00000000eca80000)
  to   space 2560K, 0% used [0x00000000ec580000,0x00000000ec580000,0x00000000ec800000)
 ParOldGen       total 49664K, used 11840K [0x00000000c2200000, 0x00000000c5280000, 0x00000000eb600000)
  object space 49664K, 23% used [0x00000000c2200000,0x00000000c2d90090,0x00000000c5280000)
 Metaspace       used 8763K, capacity 8976K, committed 9216K, reserved 1056768K
  class space    used 1080K, capacity 1156K, committed 1280K, reserved 1048576K
}
Event: 2.038 GC heap before
{Heap before GC invocations=4 (full 1):
 PSYoungGen      total 18432K, used 0K [0x00000000eb600000, 0x00000000eca80000, 0x0000000100000000)
  eden space 15872K, 0% used [0x00000000eb600000,0x00000000eb600000,0x00000000ec580000)
  from space 2560K, 0% used [0x00000000ec800000,0x00000000ec800000,0x00000000eca80000)
  to   space 2560K, 0% used [0x00000000ec580000,0x00000000ec580000,0x00000000ec800000)
 ParOldGen       total 49664K, used 11840K [0x00000000c2200000, 0x00000000c5280000, 0x00000000eb600000)
  object space 49664K, 23% used [0x00000000c2200000,0x00000000c2d90090,0x00000000c5280000)
 Metaspace       used 8763K, capacity 8976K, committed 9216K, reserved 1056768K
  class space    used 1080K, capacity 1156K, committed 1280K, reserved 1048576K
Event: 2.038 GC heap after
Heap after GC invocations=4 (full 1):
 PSYoungGen      total 18432K, used 0K [0x00000000eb600000, 0x00000000eca80000, 0x0000000100000000)
  eden space 15872K, 0% used [0x00000000eb600000,0x00000000eb600000,0x00000000ec580000)
  from space 2560K, 0% used [0x00000000ec580000,0x00000000ec580000,0x00000000ec800000)
  to   space 2560K, 0% used [0x00000000ec800000,0x00000000ec800000,0x00000000eca80000)
 ParOldGen       total 49664K, used 11840K [0x00000000c2200000, 0x00000000c5280000, 0x00000000eb600000)
  object space 49664K, 23% used [0x00000000c2200000,0x00000000c2d90090,0x00000000c5280000)
 Metaspace       used 8763K, capacity 8976K, committed 9216K, reserved 1056768K
  class space    used 1080K, capacity 1156K, committed 1280K, reserved 1048576K
}
Event: 2.038 GC heap before
{Heap before GC invocations=5 (full 2):
 PSYoungGen      total 18432K, used 0K [0x00000000eb600000, 0x00000000eca80000, 0x0000000100000000)
  eden space 15872K, 0% used [0x00000000eb600000,0x00000000eb600000,0x00000000ec580000)
  from space 2560K, 0% used [0x00000000ec580000,0x00000000ec580000,0x00000000ec800000)
  to   space 2560K, 0% used [0x00000000ec800000,0x00000000ec800000,0x00000000eca80000)
 ParOldGen       total 49664K, used 11840K [0x00000000c2200000, 0x00000000c5280000, 0x00000000eb600000)
  object space 49664K, 23% used [0x00000000c2200000,0x00000000c2d90090,0x00000000c5280000)
 Metaspace       used 8763K, capacity 8976K, committed 9216K, reserved 1056768K
  class space    used 1080K, capacity 1156K, committed 1280K, reserved 1048576K
Event: 2.066 GC heap after
Heap after GC invocations=5 (full 2):
 PSYoungGen      total 18432K, used 0K [0x00000000eb600000, 0x00000000eca80000, 0x0000000100000000)
  eden space 15872K, 0% used [0x00000000eb600000,0x00000000eb600000,0x00000000ec580000)
  from space 2560K, 0% used [0x00000000ec580000,0x00000000ec580000,0x00000000ec800000)
  to   space 2560K, 0% used [0x00000000ec800000,0x00000000ec800000,0x00000000eca80000)
 ParOldGen       total 56320K, used 11696K [0x00000000c2200000, 0x00000000c5900000, 0x00000000eb600000)
  object space 56320K, 20% used [0x00000000c2200000,0x00000000c2d6c088,0x00000000c5900000)
 Metaspace       used 8756K, capacity 8966K, committed 9216K, reserved 1056768K
  class space    used 1078K, capacity 1151K, committed 1280K, reserved 1048576K
}
Event: 2.157 GC heap before
{Heap before GC invocations=6 (full 2):
 PSYoungGen      total 18432K, used 2027K [0x00000000eb600000, 0x00000000eca80000, 0x0000000100000000)
  eden space 15872K, 12% used [0x00000000eb600000,0x00000000eb7fae60,0x00000000ec580000)
  from space 2560K, 0% used [0x00000000ec580000,0x00000000ec580000,0x00000000ec800000)
  to   space 2560K, 0% used [0x00000000ec800000,0x00000000ec800000,0x00000000eca80000)
 ParOldGen       total 56320K, used 11696K [0x00000000c2200000, 0x00000000c5900000, 0x00000000eb600000)
  object space 56320K, 20% used [0x00000000c2200000,0x00000000c2d6c088,0x00000000c5900000)
 Metaspace       used 8883K, capacity 9062K, committed 9216K, reserved 1060864K
  class space    used 1092K, capacity 1183K, committed 1280K, reserved 1048576K

Deoptimization events (1 events):
Event: 1.499 Thread 0x000000000221d800 Uncommon trap: reason=null_check action=make_not_entrant pc=0x000000000282840c method=java.lang.String.equals(Ljava/lang/Object;)Z @ 8

Internal exceptions (10 events):
Event: 0.783 Thread 0x000000000221d800 Exception <a 'java/security/PrivilegedActionException'> (0x00000000eb6d2d78) thrown at [C:\re\workspace\8-2-build-windows-amd64-cygwin\jdk8u60\4407\hotspot\src\share\vm\prims\jvm.cpp, line 1386]
Event: 0.783 Thread 0x000000000221d800 Exception <a 'java/security/PrivilegedActionException'> (0x00000000eb6d2f88) thrown at [C:\re\workspace\8-2-build-windows-amd64-cygwin\jdk8u60\4407\hotspot\src\share\vm\prims\jvm.cpp, line 1386]
Event: 0.784 Thread 0x000000000221d800 Exception <a 'java/security/PrivilegedActionException'> (0x00000000eb6d6b30) thrown at [C:\re\workspace\8-2-build-windows-amd64-cygwin\jdk8u60\4407\hotspot\src\share\vm\prims\jvm.cpp, line 1386]
Event: 0.784 Thread 0x000000000221d800 Exception <a 'java/security/PrivilegedActionException'> (0x00000000eb6d6d40) thrown at [C:\re\workspace\8-2-build-windows-amd64-cygwin\jdk8u60\4407\hotspot\src\share\vm\prims\jvm.cpp, line 1386]
Event: 0.789 Thread 0x000000000221d800 Exception <a 'java/io/FileNotFoundException'> (0x00000000eb6d9e28) thrown at [C:\re\workspace\8-2-build-windows-amd64-cygwin\jdk8u60\4407\hotspot\src\share\vm\prims\jni.cpp, line 709]
Event: 0.842 Thread 0x000000000221d800 Exception <a 'java/lang/NoSuchFieldError': method resolution failed> (0x00000000eb7f7e00) thrown at [C:\re\workspace\8-2-build-windows-amd64-cygwin\jdk8u60\4407\hotspot\src\share\vm\prims\methodHandles.cpp, line 1146]
Event: 0.853 Thread 0x000000000221d800 Exception <a 'java/lang/NoSuchFieldError': method resolution failed> (0x00000000eb8051d0) thrown at [C:\re\workspace\8-2-build-windows-amd64-cygwin\jdk8u60\4407\hotspot\src\share\vm\prims\methodHandles.cpp, line 1146]
Event: 0.897 Thread 0x000000000221d800 Exception <a 'java/io/FileNotFoundException'> (0x00000000eb89ab50) thrown at [C:\re\workspace\8-2-build-windows-amd64-cygwin\jdk8u60\4407\hotspot\src\share\vm\prims\jni.cpp, line 709]
Event: 1.499 Thread 0x000000000221d800 Implicit null exception at 0x000000000282824b to 0x00000000028283fd
Event: 2.067 Thread 0x00000000564ef000 Exception <a 'java/lang/OutOfMemoryError'> (0x00000000c22d9de0) thrown at [C:\re\workspace\8-2-build-windows-amd64-cygwin\jdk8u60\4407\hotspot\src\share\vm\gc_interface/collectedHeap.inline.hpp, line 159]

Events (10 events):
Event: 2.157 loading class java/awt/im/spi/InputMethod
Event: 2.157 loading class java/awt/im/spi/InputMethod done
Event: 2.157 loading class sun/awt/im/InputMethodAdapter done
Event: 2.157 loading class sun/awt/windows/WInputMethod done
Event: 2.157 loading class sun/util/locale/ParseStatus
Event: 2.157 loading class sun/util/locale/ParseStatus done
Event: 2.157 loading class sun/util/locale/StringTokenIterator
Event: 2.157 loading class sun/util/locale/StringTokenIterator done
Event: 2.157 loading class sun/util/locale/InternalLocaleBuilder
Event: 2.157 Executing VM operation: CollectForMetadataAllocation


Dynamic libraries:
0x000000013f870000 - 0x000000013f8a7000 	C:\Program Files\Java\jre1.8.0_60\bin\javaw.exe
0x0000000077ab0000 - 0x0000000077c59000 	C:\Windows\SYSTEM32\ntdll.dll
0x0000000077890000 - 0x00000000779b0000 	C:\Windows\system32\kernel32.dll
0x000007fefd8b0000 - 0x000007fefd91c000 	C:\Windows\system32\KERNELBASE.dll
0x000007fefe030000 - 0x000007fefe10b000 	C:\Windows\system32\ADVAPI32.dll
0x000007fefdc10000 - 0x000007fefdcaf000 	C:\Windows\system32\msvcrt.dll
0x000007fefe3c0000 - 0x000007fefe3df000 	C:\Windows\SYSTEM32\sechost.dll
0x000007fefe290000 - 0x000007fefe3bd000 	C:\Windows\system32\RPCRT4.dll
0x00000000779b0000 - 0x0000000077aaa000 	C:\Windows\system32\USER32.dll
0x000007fefdcb0000 - 0x000007fefdd17000 	C:\Windows\system32\GDI32.dll
0x000007fefe190000 - 0x000007fefe19e000 	C:\Windows\system32\LPK.dll
0x000007fefdf60000 - 0x000007fefe029000 	C:\Windows\system32\USP10.dll
0x000007fefbd10000 - 0x000007fefbf04000 	C:\Windows\WinSxS\amd64_microsoft.windows.common-controls_6595b64144ccf1df_6.0.7601.18837_none_fa3b1e3d17594757\COMCTL32.dll
0x000007feffad0000 - 0x000007feffb41000 	C:\Windows\system32\SHLWAPI.dll
0x000007fefe160000 - 0x000007fefe18e000 	C:\Windows\system32\IMM32.DLL
0x000007feff830000 - 0x000007feff939000 	C:\Windows\system32\MSCTF.dll
0x000000005ad00000 - 0x000000005add2000 	C:\Program Files\Java\jre1.8.0_60\bin\msvcr100.dll
0x000000005b280000 - 0x000000005bb09000 	C:\Program Files\Java\jre1.8.0_60\bin\server\jvm.dll
0x000007fef9740000 - 0x000007fef9749000 	C:\Windows\system32\WSOCK32.dll
0x000007fefe110000 - 0x000007fefe15d000 	C:\Windows\system32\WS2_32.dll
0x000007fefe280000 - 0x000007fefe288000 	C:\Windows\system32\NSI.dll
0x000007fefab10000 - 0x000007fefab4b000 	C:\Windows\system32\WINMM.dll
0x000007fefc8d0000 - 0x000007fefc8dc000 	C:\Windows\system32\VERSION.dll
0x0000000077c80000 - 0x0000000077c87000 	C:\Windows\system32\PSAPI.DLL
0x0000000060ad0000 - 0x0000000060adf000 	C:\Program Files\Java\jre1.8.0_60\bin\verify.dll
0x000000005d520000 - 0x000000005d549000 	C:\Program Files\Java\jre1.8.0_60\bin\java.dll
0x000000005d500000 - 0x000000005d516000 	C:\Program Files\Java\jre1.8.0_60\bin\zip.dll
0x000007fefe980000 - 0x000007feff709000 	C:\Windows\system32\SHELL32.dll
0x000007fefe3e0000 - 0x000007fefe5e3000 	C:\Windows\system32\ole32.dll
0x000007fefd850000 - 0x000007fefd85f000 	C:\Windows\system32\profapi.dll
0x0000000056650000 - 0x00000000567e8000 	C:\Program Files\Java\jre1.8.0_60\bin\awt.dll
0x000007fefe1a0000 - 0x000007fefe277000 	C:\Windows\system32\OLEAUT32.dll
0x000007fefb9c0000 - 0x000007fefb9d8000 	C:\Windows\system32\DWMAPI.DLL
0x000007fefbc60000 - 0x000007fefbcb6000 	C:\Windows\system32\uxtheme.dll
0x000007fefd6f0000 - 0x000007fefd6ff000 	C:\Windows\system32\CRYPTBASE.dll
0x000007fef32d0000 - 0x000007fef34cf000 	C:\Windows\system32\d3d9.dll
0x000007fef32c0000 - 0x000007fef32c7000 	C:\Windows\system32\d3d8thk.dll
0x000007fee1f40000 - 0x000007fee2fe0000 	C:\Windows\system32\nvd3dumx.dll
0x0000000180000000 - 0x0000000180134000 	C:\Windows\system32\nvspcap64.dll
0x000007fefda50000 - 0x000007fefdbbd000 	C:\Windows\system32\CRYPT32.dll
0x000007fefd860000 - 0x000007fefd86f000 	C:\Windows\system32\MSASN1.dll
0x000007fefa3c0000 - 0x000007fefa6dd000 	C:\Windows\system32\nvapi64.dll
0x000007fefdd80000 - 0x000007fefdf57000 	C:\Windows\system32\SETUPAPI.dll
0x000007fefdbd0000 - 0x000007fefdc06000 	C:\Windows\system32\CFGMGR32.dll
0x000007fefd890000 - 0x000007fefd8aa000 	C:\Windows\system32\DEVOBJ.dll
0x000000005ca00000 - 0x000000005ca47000 	C:\Program Files\Java\jre1.8.0_60\bin\fontmanager.dll
0x000000005d450000 - 0x000000005d481000 	C:\Program Files\Java\jre1.8.0_60\bin\jpeg.dll

VM Arguments:
jvm_args: -Dfile.encoding=Cp1252 
java_command: Ventana
java_class_path (initial): C:\Users\Mª Asuncion\git\MarioBros-Proyecto\MarioBros-Proyecto\MarioBross\bin
Launcher Type: SUN_STANDARD

Environment Variables:
PATH=C:/Program Files/Java/jre1.8.0_60/bin/server;C:/Program Files/Java/jre1.8.0_60/bin;C:/Program Files/Java/jre1.8.0_60/lib/amd64;C:\ProgramData\Oracle\Java\javapath;C:\Windows\system32;C:\Windows;C:\Windows\system32\wbem;C:\Program Files (x86)\NVIDIA Corporation\PhysX\Common;C:\Program Files\Common Files\Microsoft Shared\Windows Live;C:\Program Files (x86)\Common Files\Microsoft Shared\Windows Live;C:\Windows\System32\WindowsPowerShell\v1.0;C:\Program Files\Intel\DMIX;C:\Program Files (x86)\Common Files\DivX Shared;C:\Program Files (x86)\Windows Live\Shared;C:\Program Files (x86)\Skype\Phone\;C:\Users\Mª Asuncion\Desktop;
USERNAME=Mª Asuncion
OS=Windows_NT
PROCESSOR_IDENTIFIER=Intel64 Family 6 Model 37 Stepping 5, GenuineIntel



---------------  S Y S T E M  ---------------

OS: Windows 7 , 64 bit Build 7601 (6.1.7601.19045)

CPU:total 2 (2 cores per cpu, 2 threads per core) family 6 model 37 stepping 5, cmov, cx8, fxsr, mmx, sse, sse2, sse3, ssse3, sse4.1, sse4.2, popcnt, ht, tsc, tscinvbit

Memory: 4k page, physical 4052376k(658272k free), swap 16207668k(4196k free)

vm_info: Java HotSpot(TM) 64-Bit Server VM (25.60-b23) for windows-amd64 JRE (1.8.0_60-b27), built on Aug  4 2015 11:06:27 by "java_re" with MS VC++ 10.0 (VS2010)

time: Wed Nov 30 17:31:23 2016
elapsed time: 3 seconds (0d 0h 0m 3s)

